2024-06-12T11:09:14.003-05:00  INFO [ {traceId:-},  {spanId:-}, eureka-server, ] 13516 --- [eureka-server] [main] [                                                 ] c.l.e.EurekaServerApplication            : Starting EurekaServerApplication using Java 17.0.11 with PID 13516 (D:\34-microservices\eureka-server\target\classes started by golla in D:\34-microservices\eureka-server)
2024-06-12T11:09:14.006-05:00  INFO [ {traceId:-},  {spanId:-}, eureka-server, ] 13516 --- [eureka-server] [main] [                                                 ] c.l.e.EurekaServerApplication            : No active profile set, falling back to 1 default profile: "default"
2024-06-12T11:09:15.068-05:00  INFO [ {traceId:-},  {spanId:-}, eureka-server, ] 13516 --- [eureka-server] [main] [                                                 ] o.s.cloud.context.scope.GenericScope     : BeanFactory id=1eb456eb-882d-34e2-ad5d-ec2a7828430a
2024-06-12T11:09:15.119-05:00  WARN [ {traceId:-},  {spanId:-}, eureka-server, ] 13516 --- [eureka-server] [main] [                                                 ] trationDelegate$BeanPostProcessorChecker : Bean 'org.springframework.cloud.client.loadbalancer.LoadBalancerAutoConfiguration$DeferringLoadBalancerInterceptorConfig' of type [org.springframework.cloud.client.loadbalancer.LoadBalancerAutoConfiguration$DeferringLoadBalancerInterceptorConfig] is not eligible for getting processed by all BeanPostProcessors (for example: not eligible for auto-proxying). The currently created BeanPostProcessor [lbRestClientPostProcessor] is declared through a non-static factory method on that class; consider declaring it as static instead.
2024-06-12T11:09:15.122-05:00  WARN [ {traceId:-},  {spanId:-}, eureka-server, ] 13516 --- [eureka-server] [main] [                                                 ] trationDelegate$BeanPostProcessorChecker : Bean 'deferringLoadBalancerInterceptor' of type [org.springframework.cloud.client.loadbalancer.DeferringLoadBalancerInterceptor] is not eligible for getting processed by all BeanPostProcessors (for example: not eligible for auto-proxying). Is this bean getting eagerly injected into a currently created BeanPostProcessor [lbRestClientPostProcessor]? Check the corresponding BeanPostProcessor declaration and its dependencies.
2024-06-12T11:09:15.353-05:00  INFO [ {traceId:-},  {spanId:-}, eureka-server, ] 13516 --- [eureka-server] [main] [                                                 ] o.s.b.w.embedded.tomcat.TomcatWebServer  : Tomcat initialized with port 9002 (http)
2024-06-12T11:09:15.366-05:00  INFO [ {traceId:-},  {spanId:-}, eureka-server, ] 13516 --- [eureka-server] [main] [                                                 ] o.apache.catalina.core.StandardService   : Starting service [Tomcat]
2024-06-12T11:09:15.366-05:00  INFO [ {traceId:-},  {spanId:-}, eureka-server, ] 13516 --- [eureka-server] [main] [                                                 ] o.apache.catalina.core.StandardEngine    : Starting Servlet engine: [Apache Tomcat/10.1.24]
2024-06-12T11:09:15.451-05:00  INFO [ {traceId:-},  {spanId:-}, eureka-server, ] 13516 --- [eureka-server] [main] [                                                 ] o.a.c.c.C.[Tomcat].[localhost].[/]       : Initializing Spring embedded WebApplicationContext
2024-06-12T11:09:15.453-05:00  INFO [ {traceId:-},  {spanId:-}, eureka-server, ] 13516 --- [eureka-server] [main] [                                                 ] w.s.c.ServletWebServerApplicationContext : Root WebApplicationContext: initialization completed in 1395 ms
2024-06-12T11:09:16.599-05:00  INFO [ {traceId:-},  {spanId:-}, eureka-server, ] 13516 --- [eureka-server] [main] [                                                 ] c.n.d.provider.DiscoveryJerseyProvider   : Using JSON encoding codec LegacyJacksonJson
2024-06-12T11:09:16.601-05:00  INFO [ {traceId:-},  {spanId:-}, eureka-server, ] 13516 --- [eureka-server] [main] [                                                 ] c.n.d.provider.DiscoveryJerseyProvider   : Using JSON decoding codec LegacyJacksonJson
2024-06-12T11:09:16.865-05:00  INFO [ {traceId:-},  {spanId:-}, eureka-server, ] 13516 --- [eureka-server] [main] [                                                 ] c.n.d.provider.DiscoveryJerseyProvider   : Using XML encoding codec XStreamXml
2024-06-12T11:09:16.866-05:00  INFO [ {traceId:-},  {spanId:-}, eureka-server, ] 13516 --- [eureka-server] [main] [                                                 ] c.n.d.provider.DiscoveryJerseyProvider   : Using XML decoding codec XStreamXml
2024-06-12T11:09:18.135-05:00  WARN [ {traceId:-},  {spanId:-}, eureka-server, ] 13516 --- [eureka-server] [main] [                                                 ] iguration$LoadBalancerCaffeineWarnLogger : Spring Cloud LoadBalancer is currently working with the default cache. While this cache implementation is useful for development and tests, it's recommended to use Caffeine cache in production.You can switch to using Caffeine cache, by adding it and org.springframework.cache.caffeine.CaffeineCacheManager to the classpath.
2024-06-12T11:09:18.166-05:00  INFO [ {traceId:-},  {spanId:-}, eureka-server, ] 13516 --- [eureka-server] [main] [                                                 ] o.s.c.n.eureka.InstanceInfoFactory       : Setting initial instance status as: STARTING
2024-06-12T11:09:18.206-05:00  INFO [ {traceId:-},  {spanId:-}, eureka-server, ] 13516 --- [eureka-server] [main] [                                                 ] com.netflix.discovery.DiscoveryClient    : Initializing Eureka in region us-east-1
2024-06-12T11:09:18.207-05:00  INFO [ {traceId:-},  {spanId:-}, eureka-server, ] 13516 --- [eureka-server] [main] [                                                 ] com.netflix.discovery.DiscoveryClient    : Client configured to neither register nor query for data.
2024-06-12T11:09:18.219-05:00  INFO [ {traceId:-},  {spanId:-}, eureka-server, ] 13516 --- [eureka-server] [main] [                                                 ] com.netflix.discovery.DiscoveryClient    : Discovery Client initialized at timestamp 1718208558218 with initial instances count: 0
2024-06-12T11:09:18.268-05:00  INFO [ {traceId:-},  {spanId:-}, eureka-server, ] 13516 --- [eureka-server] [main] [                                                 ] c.n.eureka.DefaultEurekaServerContext    : Initializing ...
2024-06-12T11:09:18.271-05:00  INFO [ {traceId:-},  {spanId:-}, eureka-server, ] 13516 --- [eureka-server] [main] [                                                 ] c.n.eureka.cluster.PeerEurekaNodes       : Adding new peer nodes [http://localhost:9002/eureka/]
2024-06-12T11:09:18.493-05:00  INFO [ {traceId:-},  {spanId:-}, eureka-server, ] 13516 --- [eureka-server] [main] [                                                 ] c.n.d.provider.DiscoveryJerseyProvider   : Using JSON encoding codec LegacyJacksonJson
2024-06-12T11:09:18.493-05:00  INFO [ {traceId:-},  {spanId:-}, eureka-server, ] 13516 --- [eureka-server] [main] [                                                 ] c.n.d.provider.DiscoveryJerseyProvider   : Using JSON decoding codec LegacyJacksonJson
2024-06-12T11:09:18.493-05:00  INFO [ {traceId:-},  {spanId:-}, eureka-server, ] 13516 --- [eureka-server] [main] [                                                 ] c.n.d.provider.DiscoveryJerseyProvider   : Using XML encoding codec XStreamXml
2024-06-12T11:09:18.493-05:00  INFO [ {traceId:-},  {spanId:-}, eureka-server, ] 13516 --- [eureka-server] [main] [                                                 ] c.n.d.provider.DiscoveryJerseyProvider   : Using XML decoding codec XStreamXml
2024-06-12T11:09:18.611-05:00  INFO [ {traceId:-},  {spanId:-}, eureka-server, ] 13516 --- [eureka-server] [main] [                                                 ] c.n.eureka.cluster.PeerEurekaNodes       : Replica node URL:  http://localhost:9002/eureka/
2024-06-12T11:09:18.623-05:00  INFO [ {traceId:-},  {spanId:-}, eureka-server, ] 13516 --- [eureka-server] [main] [                                                 ] c.n.e.registry.AbstractInstanceRegistry  : Finished initializing remote region registries. All known remote regions: []
2024-06-12T11:09:18.625-05:00  INFO [ {traceId:-},  {spanId:-}, eureka-server, ] 13516 --- [eureka-server] [main] [                                                 ] c.n.eureka.DefaultEurekaServerContext    : Initialized
2024-06-12T11:09:18.638-05:00  INFO [ {traceId:-},  {spanId:-}, eureka-server, ] 13516 --- [eureka-server] [main] [                                                 ] o.s.b.a.e.web.EndpointLinksResolver      : Exposing 18 endpoints beneath base path '/actuator'
2024-06-12T11:09:18.765-05:00  INFO [ {traceId:-},  {spanId:-}, eureka-server, ] 13516 --- [eureka-server] [main] [                                                 ] o.s.c.n.e.s.EurekaServiceRegistry        : Registering application EUREKA-SERVER with eureka with status UP
2024-06-12T11:09:18.778-05:00  INFO [ {traceId:-},  {spanId:-}, eureka-server, ] 13516 --- [eureka-server] [Thread-9] [                                                 ] o.s.c.n.e.server.EurekaServerBootstrap   : isAws returned false
2024-06-12T11:09:18.779-05:00  INFO [ {traceId:-},  {spanId:-}, eureka-server, ] 13516 --- [eureka-server] [Thread-9] [                                                 ] o.s.c.n.e.server.EurekaServerBootstrap   : Initialized server context
2024-06-12T11:09:18.781-05:00  INFO [ {traceId:-},  {spanId:-}, eureka-server, ] 13516 --- [eureka-server] [Thread-9] [                                                 ] c.n.e.r.PeerAwareInstanceRegistryImpl    : Got 1 instances from neighboring DS node
2024-06-12T11:09:18.781-05:00  INFO [ {traceId:-},  {spanId:-}, eureka-server, ] 13516 --- [eureka-server] [Thread-9] [                                                 ] c.n.e.r.PeerAwareInstanceRegistryImpl    : Renew threshold is: 1
2024-06-12T11:09:18.781-05:00  INFO [ {traceId:-},  {spanId:-}, eureka-server, ] 13516 --- [eureka-server] [Thread-9] [                                                 ] c.n.e.r.PeerAwareInstanceRegistryImpl    : Changing status to UP
2024-06-12T11:09:18.798-05:00  INFO [ {traceId:-},  {spanId:-}, eureka-server, ] 13516 --- [eureka-server] [main] [                                                 ] o.s.b.w.embedded.tomcat.TomcatWebServer  : Tomcat started on port 9002 (http) with context path '/'
2024-06-12T11:09:18.798-05:00  INFO [ {traceId:-},  {spanId:-}, eureka-server, ] 13516 --- [eureka-server] [Thread-9] [                                                 ] e.s.EurekaServerInitializerConfiguration : Started Eureka Server
2024-06-12T11:09:18.799-05:00  INFO [ {traceId:-},  {spanId:-}, eureka-server, ] 13516 --- [eureka-server] [main] [                                                 ] .s.c.n.e.s.EurekaAutoServiceRegistration : Updating port to 9002
2024-06-12T11:09:19.031-05:00  INFO [ {traceId:-},  {spanId:-}, eureka-server, ] 13516 --- [eureka-server] [main] [                                                 ] c.l.e.EurekaServerApplication            : Started EurekaServerApplication in 5.694 seconds (process running for 7.081)
2024-06-12T11:09:25.461-05:00  INFO [ {traceId:-},  {spanId:-}, eureka-server, ] 13516 --- [eureka-server] [RMI TCP Connection(9)-127.0.0.1] [                                                 ] o.a.c.c.C.[Tomcat].[localhost].[/]       : Initializing Spring DispatcherServlet 'dispatcherServlet'
2024-06-12T11:09:25.462-05:00  INFO [ {traceId:-},  {spanId:-}, eureka-server, ] 13516 --- [eureka-server] [RMI TCP Connection(9)-127.0.0.1] [                                                 ] o.s.web.servlet.DispatcherServlet        : Initializing Servlet 'dispatcherServlet'
2024-06-12T11:09:25.466-05:00  INFO [ {traceId:-},  {spanId:-}, eureka-server, ] 13516 --- [eureka-server] [RMI TCP Connection(9)-127.0.0.1] [                                                 ] o.s.web.servlet.DispatcherServlet        : Completed initialization in 4 ms
2024-06-12T11:09:46.363-05:00  INFO [traceId=6669c84ae891cea267b03fd3e441582f, spanId=35837081ef59db0a {traceId:-}, traceId=6669c84ae891cea267b03fd3e441582f, spanId=35837081ef59db0a {spanId:-}, eureka-server, ] 13516 --- [eureka-server] [http-nio-9002-exec-2] [6669c84ae891cea267b03fd3e441582f-35837081ef59db0a] c.n.e.registry.AbstractInstanceRegistry  : Registered instance ACCOUNTS/host.docker.internal:accounts:9003 with status UP (replication=false)
2024-06-12T11:09:47.117-05:00  INFO [traceId=6669c84b637a227dd13a53e5423c5b45, spanId=d13a53e5423c5b45 {traceId:-}, traceId=6669c84b637a227dd13a53e5423c5b45, spanId=d13a53e5423c5b45 {spanId:-}, eureka-server, ] 13516 --- [eureka-server] [http-nio-9002-exec-3] [6669c84b637a227dd13a53e5423c5b45-d13a53e5423c5b45] c.n.e.registry.AbstractInstanceRegistry  : Registered instance ACCOUNTS/host.docker.internal:accounts:9003 with status UP (replication=true)
2024-06-12T11:09:51.102-05:00  INFO [traceId=6669c84f7884a9ee19e518eb2ee74d16, spanId=bcddd0e248d2ed15 {traceId:-}, traceId=6669c84f7884a9ee19e518eb2ee74d16, spanId=bcddd0e248d2ed15 {spanId:-}, eureka-server, ] 13516 --- [eureka-server] [http-nio-9002-exec-6] [6669c84f7884a9ee19e518eb2ee74d16-bcddd0e248d2ed15] c.n.e.registry.AbstractInstanceRegistry  : Registered instance CARDS/host.docker.internal:cards:9004 with status UP (replication=false)
2024-06-12T11:09:51.632-05:00  INFO [traceId=6669c84fa72df9fa1efe05590c5ec2e9, spanId=1efe05590c5ec2e9 {traceId:-}, traceId=6669c84fa72df9fa1efe05590c5ec2e9, spanId=1efe05590c5ec2e9 {spanId:-}, eureka-server, ] 13516 --- [eureka-server] [http-nio-9002-exec-5] [6669c84fa72df9fa1efe05590c5ec2e9-1efe05590c5ec2e9] c.n.e.registry.AbstractInstanceRegistry  : Registered instance CARDS/host.docker.internal:cards:9004 with status UP (replication=true)
2024-06-12T11:09:53.458-05:00  INFO [traceId=6669c8514f3b1264ad5c6b9a6bcda152, spanId=3ee85bb6af82c190 {traceId:-}, traceId=6669c8514f3b1264ad5c6b9a6bcda152, spanId=3ee85bb6af82c190 {spanId:-}, eureka-server, ] 13516 --- [eureka-server] [http-nio-9002-exec-8] [6669c8514f3b1264ad5c6b9a6bcda152-3ee85bb6af82c190] c.n.e.registry.AbstractInstanceRegistry  : Registered instance LOANS/host.docker.internal:loans:9005 with status UP (replication=false)
2024-06-12T11:09:53.983-05:00  INFO [traceId=6669c8518938803f2bd9ab3f957be197, spanId=2bd9ab3f957be197 {traceId:-}, traceId=6669c8518938803f2bd9ab3f957be197, spanId=2bd9ab3f957be197 {spanId:-}, eureka-server, ] 13516 --- [eureka-server] [http-nio-9002-exec-10] [6669c8518938803f2bd9ab3f957be197-2bd9ab3f957be197] c.n.e.registry.AbstractInstanceRegistry  : Registered instance LOANS/host.docker.internal:loans:9005 with status UP (replication=true)
2024-06-12T11:10:18.783-05:00  INFO [ {traceId:-},  {spanId:-}, eureka-server, ] 13516 --- [eureka-server] [Eureka-EvictionTimer] [                                                 ] c.n.e.registry.AbstractInstanceRegistry  : Running the evict task with compensationTime 0ms
2024-06-12T11:11:18.783-05:00  INFO [ {traceId:-},  {spanId:-}, eureka-server, ] 13516 --- [eureka-server] [Eureka-EvictionTimer] [                                                 ] c.n.e.registry.AbstractInstanceRegistry  : Running the evict task with compensationTime 0ms
2024-06-12T11:12:18.796-05:00  INFO [ {traceId:-},  {spanId:-}, eureka-server, ] 13516 --- [eureka-server] [Eureka-EvictionTimer] [                                                 ] c.n.e.registry.AbstractInstanceRegistry  : Running the evict task with compensationTime 13ms
2024-06-12T11:13:18.797-05:00  INFO [ {traceId:-},  {spanId:-}, eureka-server, ] 13516 --- [eureka-server] [Eureka-EvictionTimer] [                                                 ] c.n.e.registry.AbstractInstanceRegistry  : Running the evict task with compensationTime 0ms
2024-06-12T11:14:18.798-05:00  INFO [ {traceId:-},  {spanId:-}, eureka-server, ] 13516 --- [eureka-server] [Eureka-EvictionTimer] [                                                 ] c.n.e.registry.AbstractInstanceRegistry  : Running the evict task with compensationTime 0ms
2024-06-12T11:15:18.810-05:00  INFO [ {traceId:-},  {spanId:-}, eureka-server, ] 13516 --- [eureka-server] [Eureka-EvictionTimer] [                                                 ] c.n.e.registry.AbstractInstanceRegistry  : Running the evict task with compensationTime 11ms
2024-06-12T11:16:18.824-05:00  INFO [ {traceId:-},  {spanId:-}, eureka-server, ] 13516 --- [eureka-server] [Eureka-EvictionTimer] [                                                 ] c.n.e.registry.AbstractInstanceRegistry  : Running the evict task with compensationTime 13ms
2024-06-12T11:17:18.824-05:00  INFO [ {traceId:-},  {spanId:-}, eureka-server, ] 13516 --- [eureka-server] [Eureka-EvictionTimer] [                                                 ] c.n.e.registry.AbstractInstanceRegistry  : Running the evict task with compensationTime 0ms
2024-06-12T11:18:18.833-05:00  INFO [ {traceId:-},  {spanId:-}, eureka-server, ] 13516 --- [eureka-server] [Eureka-EvictionTimer] [                                                 ] c.n.e.registry.AbstractInstanceRegistry  : Running the evict task with compensationTime 8ms
2024-06-12T11:19:18.842-05:00  INFO [ {traceId:-},  {spanId:-}, eureka-server, ] 13516 --- [eureka-server] [Eureka-EvictionTimer] [                                                 ] c.n.e.registry.AbstractInstanceRegistry  : Running the evict task with compensationTime 9ms
2024-06-12T11:20:18.852-05:00  INFO [ {traceId:-},  {spanId:-}, eureka-server, ] 13516 --- [eureka-server] [Eureka-EvictionTimer] [                                                 ] c.n.e.registry.AbstractInstanceRegistry  : Running the evict task with compensationTime 10ms
2024-06-12T11:21:18.867-05:00  INFO [ {traceId:-},  {spanId:-}, eureka-server, ] 13516 --- [eureka-server] [Eureka-EvictionTimer] [                                                 ] c.n.e.registry.AbstractInstanceRegistry  : Running the evict task with compensationTime 14ms
2024-06-12T11:22:18.869-05:00  INFO [ {traceId:-},  {spanId:-}, eureka-server, ] 13516 --- [eureka-server] [Eureka-EvictionTimer] [                                                 ] c.n.e.registry.AbstractInstanceRegistry  : Running the evict task with compensationTime 2ms
2024-06-12T11:23:18.883-05:00  INFO [ {traceId:-},  {spanId:-}, eureka-server, ] 13516 --- [eureka-server] [Eureka-EvictionTimer] [                                                 ] c.n.e.registry.AbstractInstanceRegistry  : Running the evict task with compensationTime 14ms
2024-06-12T11:24:18.623-05:00  INFO [ {traceId:-},  {spanId:-}, eureka-server, ] 13516 --- [eureka-server] [ReplicaAwareInstanceRegistry - RenewalThresholdUpdater] [                                                 ] c.n.e.r.PeerAwareInstanceRegistryImpl    : Current renewal threshold is : 6
2024-06-12T11:24:18.883-05:00  INFO [ {traceId:-},  {spanId:-}, eureka-server, ] 13516 --- [eureka-server] [Eureka-EvictionTimer] [                                                 ] c.n.e.registry.AbstractInstanceRegistry  : Running the evict task with compensationTime 0ms
2024-06-12T11:25:18.894-05:00  INFO [ {traceId:-},  {spanId:-}, eureka-server, ] 13516 --- [eureka-server] [Eureka-EvictionTimer] [                                                 ] c.n.e.registry.AbstractInstanceRegistry  : Running the evict task with compensationTime 10ms
2024-06-12T11:26:09.041-05:00  INFO [ {traceId:-},  {spanId:-}, eureka-server, ] 13516 --- [eureka-server] [RMI TCP Connection(27)-127.0.0.1] [                                                 ] inMXBeanRegistrar$SpringApplicationAdmin : Application shutdown requested.
2024-06-12T11:26:09.042-05:00  INFO [ {traceId:-},  {spanId:-}, eureka-server, ] 13516 --- [eureka-server] [RMI TCP Connection(27)-127.0.0.1] [                                                 ] o.s.c.n.e.s.EurekaServiceRegistry        : Unregistering application EUREKA-SERVER with eureka with status DOWN
2024-06-12T11:26:09.055-05:00  INFO [ {traceId:-},  {spanId:-}, eureka-server, ] 13516 --- [eureka-server] [RMI TCP Connection(27)-127.0.0.1] [                                                 ] o.s.c.n.e.server.EurekaServerBootstrap   : Shutting down Eureka Server..
2024-06-12T11:26:09.060-05:00  INFO [ {traceId:-},  {spanId:-}, eureka-server, ] 13516 --- [eureka-server] [RMI TCP Connection(27)-127.0.0.1] [                                                 ] c.n.eureka.DefaultEurekaServerContext    : Shutting down ...
2024-06-12T11:26:09.061-05:00  INFO [ {traceId:-},  {spanId:-}, eureka-server, ] 13516 --- [eureka-server] [RMI TCP Connection(27)-127.0.0.1] [                                                 ] com.netflix.servo.monitor.StatsMonitor   : Attempting to get the value for an expired monitor: eurekaServer.replication.batchSize.Will start computing stats again.
2024-06-12T11:26:09.062-05:00  INFO [ {traceId:-},  {spanId:-}, eureka-server, ] 13516 --- [eureka-server] [RMI TCP Connection(27)-127.0.0.1] [                                                 ] com.netflix.servo.monitor.StatsMonitor   : Attempting to get the value for an expired monitor: eurekaServer.replication.executionTime.Will start computing stats again.
2024-06-12T11:26:09.063-05:00  INFO [ {traceId:-},  {spanId:-}, eureka-server, ] 13516 --- [eureka-server] [RMI TCP Connection(27)-127.0.0.1] [                                                 ] com.netflix.servo.monitor.StatsMonitor   : Attempting to get the value for an expired monitor: eurekaServer.replication.executionTime.Will start computing stats again.
2024-06-12T11:26:09.064-05:00  INFO [ {traceId:-},  {spanId:-}, eureka-server, ] 13516 --- [eureka-server] [RMI TCP Connection(27)-127.0.0.1] [                                                 ] com.netflix.servo.monitor.StatsMonitor   : Attempting to get the value for an expired monitor: eurekaServer.replication.batchSize.Will start computing stats again.
2024-06-12T11:26:09.066-05:00 ERROR [ {traceId:-},  {spanId:-}, eureka-server, ] 13516 --- [eureka-server] [Eureka-Jersey3Client-Conn-Cleaner2] [                                                 ] c.n.d.s.t.j.EurekaJersey3ClientImpl      : Cannot clean connections

java.lang.IllegalStateException: Client instance has been closed.
	at org.glassfish.jersey.internal.guava.Preconditions.checkState(Preconditions.java:169) ~[jersey-common-3.1.6.jar:na]
	at org.glassfish.jersey.client.JerseyClient.checkNotClosed(JerseyClient.java:248) ~[jersey-client-3.1.6.jar:na]
	at org.glassfish.jersey.client.JerseyClient.getConfiguration(JerseyClient.java:363) ~[jersey-client-3.1.6.jar:na]
	at org.glassfish.jersey.client.JerseyClient.getConfiguration(JerseyClient.java:54) ~[jersey-client-3.1.6.jar:na]
	at com.netflix.discovery.shared.transport.jersey3.EurekaJersey3ClientImpl$ConnectionCleanerTask.run(EurekaJersey3ClientImpl.java:347) ~[eureka-client-jersey3-2.0.2.jar:2.0.2]
	at java.base/java.util.concurrent.Executors$RunnableAdapter.call(Executors.java:539) ~[na:na]
	at java.base/java.util.concurrent.FutureTask.run(FutureTask.java:264) ~[na:na]
	at java.base/java.util.concurrent.ScheduledThreadPoolExecutor$ScheduledFutureTask.run(ScheduledThreadPoolExecutor.java:304) ~[na:na]
	at java.base/java.util.concurrent.ThreadPoolExecutor.runWorker(ThreadPoolExecutor.java:1136) ~[na:na]
	at java.base/java.util.concurrent.ThreadPoolExecutor$Worker.run(ThreadPoolExecutor.java:635) ~[na:na]
	at java.base/java.lang.Thread.run(Thread.java:840) ~[na:na]

2024-06-12T11:26:09.074-05:00  INFO [ {traceId:-},  {spanId:-}, eureka-server, ] 13516 --- [eureka-server] [RMI TCP Connection(27)-127.0.0.1] [                                                 ] c.n.eureka.DefaultEurekaServerContext    : Shut down
2024-06-12T11:26:09.074-05:00  INFO [ {traceId:-},  {spanId:-}, eureka-server, ] 13516 --- [eureka-server] [RMI TCP Connection(27)-127.0.0.1] [                                                 ] o.s.c.n.e.server.EurekaServerBootstrap   : Eureka Service is now shutdown...
2024-06-12T11:26:09.074-05:00  INFO [ {traceId:-},  {spanId:-}, eureka-server, ] 13516 --- [eureka-server] [RMI TCP Connection(27)-127.0.0.1] [                                                 ] c.n.eureka.DefaultEurekaServerContext    : Shutting down ...
2024-06-12T11:26:09.079-05:00  INFO [ {traceId:-},  {spanId:-}, eureka-server, ] 13516 --- [eureka-server] [RMI TCP Connection(27)-127.0.0.1] [                                                 ] c.n.eureka.DefaultEurekaServerContext    : Shut down
2024-06-12T11:26:09.086-05:00  INFO [ {traceId:-},  {spanId:-}, eureka-server, ] 13516 --- [eureka-server] [RMI TCP Connection(27)-127.0.0.1] [                                                 ] com.netflix.discovery.DiscoveryClient    : Shutting down DiscoveryClient ...
2024-06-12T11:26:09.086-05:00  INFO [ {traceId:-},  {spanId:-}, eureka-server, ] 13516 --- [eureka-server] [RMI TCP Connection(27)-127.0.0.1] [                                                 ] com.netflix.discovery.DiscoveryClient    : Completed shut down of DiscoveryClient
2024-06-12T13:24:03.944-05:00  INFO [ {traceId:-},  {spanId:-}, eureka-server, ] 588 --- [eureka-server] [main] [                                                 ] c.l.e.EurekaServerApplication            : Starting EurekaServerApplication using Java 17.0.11 with PID 588 (D:\34-microservices\eureka-server\target\classes started by golla in D:\34-microservices\eureka-server)
2024-06-12T13:24:03.946-05:00  INFO [ {traceId:-},  {spanId:-}, eureka-server, ] 588 --- [eureka-server] [main] [                                                 ] c.l.e.EurekaServerApplication            : No active profile set, falling back to 1 default profile: "default"
2024-06-12T13:24:04.912-05:00  INFO [ {traceId:-},  {spanId:-}, eureka-server, ] 588 --- [eureka-server] [main] [                                                 ] o.s.cloud.context.scope.GenericScope     : BeanFactory id=1eb456eb-882d-34e2-ad5d-ec2a7828430a
2024-06-12T13:24:04.958-05:00  WARN [ {traceId:-},  {spanId:-}, eureka-server, ] 588 --- [eureka-server] [main] [                                                 ] trationDelegate$BeanPostProcessorChecker : Bean 'org.springframework.cloud.client.loadbalancer.LoadBalancerAutoConfiguration$DeferringLoadBalancerInterceptorConfig' of type [org.springframework.cloud.client.loadbalancer.LoadBalancerAutoConfiguration$DeferringLoadBalancerInterceptorConfig] is not eligible for getting processed by all BeanPostProcessors (for example: not eligible for auto-proxying). The currently created BeanPostProcessor [lbRestClientPostProcessor] is declared through a non-static factory method on that class; consider declaring it as static instead.
2024-06-12T13:24:04.962-05:00  WARN [ {traceId:-},  {spanId:-}, eureka-server, ] 588 --- [eureka-server] [main] [                                                 ] trationDelegate$BeanPostProcessorChecker : Bean 'deferringLoadBalancerInterceptor' of type [org.springframework.cloud.client.loadbalancer.DeferringLoadBalancerInterceptor] is not eligible for getting processed by all BeanPostProcessors (for example: not eligible for auto-proxying). Is this bean getting eagerly injected into a currently created BeanPostProcessor [lbRestClientPostProcessor]? Check the corresponding BeanPostProcessor declaration and its dependencies.
2024-06-12T13:24:05.174-05:00  INFO [ {traceId:-},  {spanId:-}, eureka-server, ] 588 --- [eureka-server] [main] [                                                 ] o.s.b.w.embedded.tomcat.TomcatWebServer  : Tomcat initialized with port 9002 (http)
2024-06-12T13:24:05.185-05:00  INFO [ {traceId:-},  {spanId:-}, eureka-server, ] 588 --- [eureka-server] [main] [                                                 ] o.apache.catalina.core.StandardService   : Starting service [Tomcat]
2024-06-12T13:24:05.185-05:00  INFO [ {traceId:-},  {spanId:-}, eureka-server, ] 588 --- [eureka-server] [main] [                                                 ] o.apache.catalina.core.StandardEngine    : Starting Servlet engine: [Apache Tomcat/10.1.24]
2024-06-12T13:24:05.263-05:00  INFO [ {traceId:-},  {spanId:-}, eureka-server, ] 588 --- [eureka-server] [main] [                                                 ] o.a.c.c.C.[Tomcat].[localhost].[/]       : Initializing Spring embedded WebApplicationContext
2024-06-12T13:24:05.264-05:00  INFO [ {traceId:-},  {spanId:-}, eureka-server, ] 588 --- [eureka-server] [main] [                                                 ] w.s.c.ServletWebServerApplicationContext : Root WebApplicationContext: initialization completed in 1280 ms
2024-06-12T13:24:06.229-05:00  INFO [ {traceId:-},  {spanId:-}, eureka-server, ] 588 --- [eureka-server] [main] [                                                 ] c.n.d.provider.DiscoveryJerseyProvider   : Using JSON encoding codec LegacyJacksonJson
2024-06-12T13:24:06.231-05:00  INFO [ {traceId:-},  {spanId:-}, eureka-server, ] 588 --- [eureka-server] [main] [                                                 ] c.n.d.provider.DiscoveryJerseyProvider   : Using JSON decoding codec LegacyJacksonJson
2024-06-12T13:24:06.405-05:00  INFO [ {traceId:-},  {spanId:-}, eureka-server, ] 588 --- [eureka-server] [main] [                                                 ] c.n.d.provider.DiscoveryJerseyProvider   : Using XML encoding codec XStreamXml
2024-06-12T13:24:06.406-05:00  INFO [ {traceId:-},  {spanId:-}, eureka-server, ] 588 --- [eureka-server] [main] [                                                 ] c.n.d.provider.DiscoveryJerseyProvider   : Using XML decoding codec XStreamXml
2024-06-12T13:24:07.832-05:00  WARN [ {traceId:-},  {spanId:-}, eureka-server, ] 588 --- [eureka-server] [main] [                                                 ] iguration$LoadBalancerCaffeineWarnLogger : Spring Cloud LoadBalancer is currently working with the default cache. While this cache implementation is useful for development and tests, it's recommended to use Caffeine cache in production.You can switch to using Caffeine cache, by adding it and org.springframework.cache.caffeine.CaffeineCacheManager to the classpath.
2024-06-12T13:24:07.856-05:00  INFO [ {traceId:-},  {spanId:-}, eureka-server, ] 588 --- [eureka-server] [main] [                                                 ] o.s.c.n.eureka.InstanceInfoFactory       : Setting initial instance status as: STARTING
2024-06-12T13:24:07.893-05:00  INFO [ {traceId:-},  {spanId:-}, eureka-server, ] 588 --- [eureka-server] [main] [                                                 ] com.netflix.discovery.DiscoveryClient    : Initializing Eureka in region us-east-1
2024-06-12T13:24:07.894-05:00  INFO [ {traceId:-},  {spanId:-}, eureka-server, ] 588 --- [eureka-server] [main] [                                                 ] com.netflix.discovery.DiscoveryClient    : Client configured to neither register nor query for data.
2024-06-12T13:24:07.906-05:00  INFO [ {traceId:-},  {spanId:-}, eureka-server, ] 588 --- [eureka-server] [main] [                                                 ] com.netflix.discovery.DiscoveryClient    : Discovery Client initialized at timestamp 1718216647905 with initial instances count: 0
2024-06-12T13:24:07.955-05:00  INFO [ {traceId:-},  {spanId:-}, eureka-server, ] 588 --- [eureka-server] [main] [                                                 ] c.n.eureka.DefaultEurekaServerContext    : Initializing ...
2024-06-12T13:24:07.957-05:00  INFO [ {traceId:-},  {spanId:-}, eureka-server, ] 588 --- [eureka-server] [main] [                                                 ] c.n.eureka.cluster.PeerEurekaNodes       : Adding new peer nodes [http://localhost:9002/eureka/]
2024-06-12T13:24:08.133-05:00  INFO [ {traceId:-},  {spanId:-}, eureka-server, ] 588 --- [eureka-server] [main] [                                                 ] c.n.d.provider.DiscoveryJerseyProvider   : Using JSON encoding codec LegacyJacksonJson
2024-06-12T13:24:08.134-05:00  INFO [ {traceId:-},  {spanId:-}, eureka-server, ] 588 --- [eureka-server] [main] [                                                 ] c.n.d.provider.DiscoveryJerseyProvider   : Using JSON decoding codec LegacyJacksonJson
2024-06-12T13:24:08.134-05:00  INFO [ {traceId:-},  {spanId:-}, eureka-server, ] 588 --- [eureka-server] [main] [                                                 ] c.n.d.provider.DiscoveryJerseyProvider   : Using XML encoding codec XStreamXml
2024-06-12T13:24:08.134-05:00  INFO [ {traceId:-},  {spanId:-}, eureka-server, ] 588 --- [eureka-server] [main] [                                                 ] c.n.d.provider.DiscoveryJerseyProvider   : Using XML decoding codec XStreamXml
2024-06-12T13:24:08.212-05:00  INFO [ {traceId:-},  {spanId:-}, eureka-server, ] 588 --- [eureka-server] [main] [                                                 ] c.n.eureka.cluster.PeerEurekaNodes       : Replica node URL:  http://localhost:9002/eureka/
2024-06-12T13:24:08.224-05:00  INFO [ {traceId:-},  {spanId:-}, eureka-server, ] 588 --- [eureka-server] [main] [                                                 ] c.n.e.registry.AbstractInstanceRegistry  : Finished initializing remote region registries. All known remote regions: []
2024-06-12T13:24:08.228-05:00  INFO [ {traceId:-},  {spanId:-}, eureka-server, ] 588 --- [eureka-server] [main] [                                                 ] c.n.eureka.DefaultEurekaServerContext    : Initialized
2024-06-12T13:24:08.243-05:00  INFO [ {traceId:-},  {spanId:-}, eureka-server, ] 588 --- [eureka-server] [main] [                                                 ] o.s.b.a.e.web.EndpointLinksResolver      : Exposing 18 endpoints beneath base path '/actuator'
2024-06-12T13:24:08.369-05:00  INFO [ {traceId:-},  {spanId:-}, eureka-server, ] 588 --- [eureka-server] [main] [                                                 ] o.s.c.n.e.s.EurekaServiceRegistry        : Registering application EUREKA-SERVER with eureka with status UP
2024-06-12T13:24:08.399-05:00  INFO [ {traceId:-},  {spanId:-}, eureka-server, ] 588 --- [eureka-server] [main] [                                                 ] o.s.b.w.embedded.tomcat.TomcatWebServer  : Tomcat started on port 9002 (http) with context path '/'
2024-06-12T13:24:08.404-05:00  INFO [ {traceId:-},  {spanId:-}, eureka-server, ] 588 --- [eureka-server] [main] [                                                 ] .s.c.n.e.s.EurekaAutoServiceRegistration : Updating port to 9002
2024-06-12T13:24:08.442-05:00  INFO [ {traceId:-},  {spanId:-}, eureka-server, ] 588 --- [eureka-server] [Thread-9] [                                                 ] o.s.c.n.e.server.EurekaServerBootstrap   : isAws returned false
2024-06-12T13:24:08.443-05:00  INFO [ {traceId:-},  {spanId:-}, eureka-server, ] 588 --- [eureka-server] [Thread-9] [                                                 ] o.s.c.n.e.server.EurekaServerBootstrap   : Initialized server context
2024-06-12T13:24:08.443-05:00  INFO [ {traceId:-},  {spanId:-}, eureka-server, ] 588 --- [eureka-server] [Thread-9] [                                                 ] c.n.e.r.PeerAwareInstanceRegistryImpl    : Got 1 instances from neighboring DS node
2024-06-12T13:24:08.443-05:00  INFO [ {traceId:-},  {spanId:-}, eureka-server, ] 588 --- [eureka-server] [Thread-9] [                                                 ] c.n.e.r.PeerAwareInstanceRegistryImpl    : Renew threshold is: 1
2024-06-12T13:24:08.444-05:00  INFO [ {traceId:-},  {spanId:-}, eureka-server, ] 588 --- [eureka-server] [Thread-9] [                                                 ] c.n.e.r.PeerAwareInstanceRegistryImpl    : Changing status to UP
2024-06-12T13:24:08.453-05:00  INFO [ {traceId:-},  {spanId:-}, eureka-server, ] 588 --- [eureka-server] [Thread-9] [                                                 ] e.s.EurekaServerInitializerConfiguration : Started Eureka Server
2024-06-12T13:24:08.725-05:00  INFO [ {traceId:-},  {spanId:-}, eureka-server, ] 588 --- [eureka-server] [main] [                                                 ] c.l.e.EurekaServerApplication            : Started EurekaServerApplication in 5.391 seconds (process running for 6.105)
2024-06-12T13:24:09.019-05:00  INFO [ {traceId:-},  {spanId:-}, eureka-server, ] 588 --- [eureka-server] [RMI TCP Connection(9)-127.0.0.1] [                                                 ] o.a.c.c.C.[Tomcat].[localhost].[/]       : Initializing Spring DispatcherServlet 'dispatcherServlet'
2024-06-12T13:24:09.020-05:00  INFO [ {traceId:-},  {spanId:-}, eureka-server, ] 588 --- [eureka-server] [RMI TCP Connection(9)-127.0.0.1] [                                                 ] o.s.web.servlet.DispatcherServlet        : Initializing Servlet 'dispatcherServlet'
2024-06-12T13:24:09.021-05:00  INFO [ {traceId:-},  {spanId:-}, eureka-server, ] 588 --- [eureka-server] [RMI TCP Connection(9)-127.0.0.1] [                                                 ] o.s.web.servlet.DispatcherServlet        : Completed initialization in 1 ms
2024-06-12T13:24:17.886-05:00  INFO [traceId=6669e7d18a1c913fb15bc3769be29c31, spanId=e5a796218744aee3 {traceId:-}, traceId=6669e7d18a1c913fb15bc3769be29c31, spanId=e5a796218744aee3 {spanId:-}, eureka-server, ] 588 --- [eureka-server] [http-nio-9002-exec-2] [6669e7d18a1c913fb15bc3769be29c31-e5a796218744aee3] c.n.e.registry.AbstractInstanceRegistry  : Registered instance ACCOUNTS/host.docker.internal:accounts:9003 with status UP (replication=false)
2024-06-12T13:24:18.581-05:00  INFO [traceId=6669e7d2c9e3e522e26722f3d657341a, spanId=e26722f3d657341a {traceId:-}, traceId=6669e7d2c9e3e522e26722f3d657341a, spanId=e26722f3d657341a {spanId:-}, eureka-server, ] 588 --- [eureka-server] [http-nio-9002-exec-3] [6669e7d2c9e3e522e26722f3d657341a-e26722f3d657341a] c.n.e.registry.AbstractInstanceRegistry  : Registered instance ACCOUNTS/host.docker.internal:accounts:9003 with status UP (replication=true)
2024-06-12T13:24:19.874-05:00  INFO [traceId=6669e7d37b810be4e481a5d809f14f37, spanId=64456efadfe4709d {traceId:-}, traceId=6669e7d37b810be4e481a5d809f14f37, spanId=64456efadfe4709d {spanId:-}, eureka-server, ] 588 --- [eureka-server] [http-nio-9002-exec-5] [6669e7d37b810be4e481a5d809f14f37-64456efadfe4709d] c.n.e.registry.AbstractInstanceRegistry  : Registered instance CARDS/host.docker.internal:cards:9004 with status UP (replication=false)
2024-06-12T13:24:20.384-05:00  INFO [traceId=6669e7d426c99408244ef16105bc4b7b, spanId=244ef16105bc4b7b {traceId:-}, traceId=6669e7d426c99408244ef16105bc4b7b, spanId=244ef16105bc4b7b {spanId:-}, eureka-server, ] 588 --- [eureka-server] [http-nio-9002-exec-6] [6669e7d426c99408244ef16105bc4b7b-244ef16105bc4b7b] c.n.e.registry.AbstractInstanceRegistry  : Registered instance CARDS/host.docker.internal:cards:9004 with status UP (replication=true)
2024-06-12T13:24:21.091-05:00  INFO [traceId=6669e7d59c3c490b4a3f0563d676a354, spanId=9d0672a9f61edf13 {traceId:-}, traceId=6669e7d59c3c490b4a3f0563d676a354, spanId=9d0672a9f61edf13 {spanId:-}, eureka-server, ] 588 --- [eureka-server] [http-nio-9002-exec-8] [6669e7d59c3c490b4a3f0563d676a354-9d0672a9f61edf13] c.n.e.registry.AbstractInstanceRegistry  : Registered instance LOANS/host.docker.internal:loans:9005 with status UP (replication=false)
2024-06-12T13:24:21.606-05:00  INFO [traceId=6669e7d5f88c9bea2aa43d6ca8e1eccb, spanId=2aa43d6ca8e1eccb {traceId:-}, traceId=6669e7d5f88c9bea2aa43d6ca8e1eccb, spanId=2aa43d6ca8e1eccb {spanId:-}, eureka-server, ] 588 --- [eureka-server] [http-nio-9002-exec-9] [6669e7d5f88c9bea2aa43d6ca8e1eccb-2aa43d6ca8e1eccb] c.n.e.registry.AbstractInstanceRegistry  : Registered instance LOANS/host.docker.internal:loans:9005 with status UP (replication=true)
2024-06-12T13:25:08.450-05:00  INFO [ {traceId:-},  {spanId:-}, eureka-server, ] 588 --- [eureka-server] [Eureka-EvictionTimer] [                                                 ] c.n.e.registry.AbstractInstanceRegistry  : Running the evict task with compensationTime 0ms
2024-06-12T13:26:08.453-05:00  INFO [ {traceId:-},  {spanId:-}, eureka-server, ] 588 --- [eureka-server] [Eureka-EvictionTimer] [                                                 ] c.n.e.registry.AbstractInstanceRegistry  : Running the evict task with compensationTime 3ms
2024-06-12T13:27:08.453-05:00  INFO [ {traceId:-},  {spanId:-}, eureka-server, ] 588 --- [eureka-server] [Eureka-EvictionTimer] [                                                 ] c.n.e.registry.AbstractInstanceRegistry  : Running the evict task with compensationTime 0ms
2024-06-12T13:28:08.464-05:00  INFO [ {traceId:-},  {spanId:-}, eureka-server, ] 588 --- [eureka-server] [Eureka-EvictionTimer] [                                                 ] c.n.e.registry.AbstractInstanceRegistry  : Running the evict task with compensationTime 10ms
2024-06-12T13:29:08.473-05:00  INFO [ {traceId:-},  {spanId:-}, eureka-server, ] 588 --- [eureka-server] [Eureka-EvictionTimer] [                                                 ] c.n.e.registry.AbstractInstanceRegistry  : Running the evict task with compensationTime 8ms
2024-06-12T13:30:08.479-05:00  INFO [ {traceId:-},  {spanId:-}, eureka-server, ] 588 --- [eureka-server] [Eureka-EvictionTimer] [                                                 ] c.n.e.registry.AbstractInstanceRegistry  : Running the evict task with compensationTime 6ms
2024-06-12T13:31:08.494-05:00  INFO [ {traceId:-},  {spanId:-}, eureka-server, ] 588 --- [eureka-server] [Eureka-EvictionTimer] [                                                 ] c.n.e.registry.AbstractInstanceRegistry  : Running the evict task with compensationTime 15ms
2024-06-12T13:32:08.498-05:00  INFO [ {traceId:-},  {spanId:-}, eureka-server, ] 588 --- [eureka-server] [Eureka-EvictionTimer] [                                                 ] c.n.e.registry.AbstractInstanceRegistry  : Running the evict task with compensationTime 3ms
2024-06-12T13:32:40.384-05:00  INFO [traceId=6669e9c837485a37511966a6fbc88dfb, spanId=3971bdef6fcee9d8 {traceId:-}, traceId=6669e9c837485a37511966a6fbc88dfb, spanId=3971bdef6fcee9d8 {spanId:-}, eureka-server, ] 588 --- [eureka-server] [http-nio-9002-exec-4] [6669e9c837485a37511966a6fbc88dfb-3971bdef6fcee9d8] c.n.e.registry.AbstractInstanceRegistry  : Registered instance ACCOUNTS/host.docker.internal:accounts:9003 with status DOWN (replication=false)
2024-06-12T13:32:40.910-05:00  INFO [traceId=6669e9c8624466f011721edea83f3849, spanId=11721edea83f3849 {traceId:-}, traceId=6669e9c8624466f011721edea83f3849, spanId=11721edea83f3849 {spanId:-}, eureka-server, ] 588 --- [eureka-server] [http-nio-9002-exec-3] [6669e9c8624466f011721edea83f3849-11721edea83f3849] c.n.e.registry.AbstractInstanceRegistry  : Registered instance ACCOUNTS/host.docker.internal:accounts:9003 with status DOWN (replication=true)
2024-06-12T13:32:42.313-05:00  INFO [traceId=6669e9caa2f03baf5a3725956a5f5a2c, spanId=01e46e00a0d93faa {traceId:-}, traceId=6669e9caa2f03baf5a3725956a5f5a2c, spanId=01e46e00a0d93faa {spanId:-}, eureka-server, ] 588 --- [eureka-server] [http-nio-9002-exec-6] [6669e9caa2f03baf5a3725956a5f5a2c-01e46e00a0d93faa] c.n.e.registry.AbstractInstanceRegistry  : Registered instance CARDS/host.docker.internal:cards:9004 with status DOWN (replication=false)
2024-06-12T13:32:42.825-05:00  INFO [traceId=6669e9ca48edc9e66118e8eed44aa3ab, spanId=6118e8eed44aa3ab {traceId:-}, traceId=6669e9ca48edc9e66118e8eed44aa3ab, spanId=6118e8eed44aa3ab {spanId:-}, eureka-server, ] 588 --- [eureka-server] [http-nio-9002-exec-8] [6669e9ca48edc9e66118e8eed44aa3ab-6118e8eed44aa3ab] c.n.e.registry.AbstractInstanceRegistry  : Registered instance CARDS/host.docker.internal:cards:9004 with status DOWN (replication=true)
2024-06-12T13:32:43.465-05:00  INFO [traceId=6669e9cb780ccf63649815f13e736d8b, spanId=9d9a599f1156b8fd {traceId:-}, traceId=6669e9cb780ccf63649815f13e736d8b, spanId=9d9a599f1156b8fd {spanId:-}, eureka-server, ] 588 --- [eureka-server] [http-nio-9002-exec-1] [6669e9cb780ccf63649815f13e736d8b-9d9a599f1156b8fd] c.n.e.registry.AbstractInstanceRegistry  : Cancelled instance ACCOUNTS/host.docker.internal:accounts:9003 (replication=false)
2024-06-12T13:32:43.979-05:00  WARN [traceId=6669e9cbcd57c54f28f353168d4e898a, spanId=28f353168d4e898a {traceId:-}, traceId=6669e9cbcd57c54f28f353168d4e898a, spanId=28f353168d4e898a {spanId:-}, eureka-server, ] 588 --- [eureka-server] [http-nio-9002-exec-9] [6669e9cbcd57c54f28f353168d4e898a-28f353168d4e898a] c.n.e.registry.AbstractInstanceRegistry  : DS: Registry: cancel failed because Lease is not registered for: ACCOUNTS/host.docker.internal:accounts:9003
2024-06-12T13:32:43.979-05:00  INFO [traceId=6669e9cbcd57c54f28f353168d4e898a, spanId=28f353168d4e898a {traceId:-}, traceId=6669e9cbcd57c54f28f353168d4e898a, spanId=28f353168d4e898a {spanId:-}, eureka-server, ] 588 --- [eureka-server] [http-nio-9002-exec-9] [6669e9cbcd57c54f28f353168d4e898a-28f353168d4e898a] c.n.eureka.resources.InstanceResource    : Not Found (Cancel): ACCOUNTS - host.docker.internal:accounts:9003
2024-06-12T13:32:43.982-05:00  WARN [ {traceId:-},  {spanId:-}, eureka-server, ] 588 --- [eureka-server] [TaskBatchingWorker-target_localhost-9] [                                                 ] c.n.eureka.cluster.ReplicationTask       : The replication of task ACCOUNTS/host.docker.internal:accounts:9003:Cancel@localhost failed with response code 404
2024-06-12T13:32:43.982-05:00  WARN [ {traceId:-},  {spanId:-}, eureka-server, ] 588 --- [eureka-server] [TaskBatchingWorker-target_localhost-9] [                                                 ] c.netflix.eureka.cluster.PeerEurekaNode  : ACCOUNTS/host.docker.internal:accounts:9003:Cancel@localhost: missing entry.
2024-06-12T13:32:44.145-05:00  INFO [ {traceId:-},  {spanId:-}, eureka-server, ] 588 --- [eureka-server] [RMI TCP Connection(19)-127.0.0.1] [                                                 ] inMXBeanRegistrar$SpringApplicationAdmin : Application shutdown requested.
2024-06-12T13:32:44.147-05:00  INFO [ {traceId:-},  {spanId:-}, eureka-server, ] 588 --- [eureka-server] [RMI TCP Connection(19)-127.0.0.1] [                                                 ] o.s.c.n.e.s.EurekaServiceRegistry        : Unregistering application EUREKA-SERVER with eureka with status DOWN
2024-06-12T13:32:44.170-05:00  INFO [ {traceId:-},  {spanId:-}, eureka-server, ] 588 --- [eureka-server] [RMI TCP Connection(19)-127.0.0.1] [                                                 ] o.s.c.n.e.server.EurekaServerBootstrap   : Shutting down Eureka Server..
2024-06-12T13:32:44.174-05:00  INFO [ {traceId:-},  {spanId:-}, eureka-server, ] 588 --- [eureka-server] [RMI TCP Connection(19)-127.0.0.1] [                                                 ] c.n.eureka.DefaultEurekaServerContext    : Shutting down ...
2024-06-12T13:32:44.197-05:00  INFO [ {traceId:-},  {spanId:-}, eureka-server, ] 588 --- [eureka-server] [RMI TCP Connection(19)-127.0.0.1] [                                                 ] c.n.eureka.DefaultEurekaServerContext    : Shut down
2024-06-12T13:32:44.197-05:00  INFO [ {traceId:-},  {spanId:-}, eureka-server, ] 588 --- [eureka-server] [RMI TCP Connection(19)-127.0.0.1] [                                                 ] o.s.c.n.e.server.EurekaServerBootstrap   : Eureka Service is now shutdown...
2024-06-12T13:32:44.198-05:00  INFO [ {traceId:-},  {spanId:-}, eureka-server, ] 588 --- [eureka-server] [RMI TCP Connection(19)-127.0.0.1] [                                                 ] c.n.eureka.DefaultEurekaServerContext    : Shutting down ...
2024-06-12T13:32:44.203-05:00  INFO [ {traceId:-},  {spanId:-}, eureka-server, ] 588 --- [eureka-server] [RMI TCP Connection(19)-127.0.0.1] [                                                 ] c.n.eureka.DefaultEurekaServerContext    : Shut down
2024-06-12T13:32:44.214-05:00  INFO [ {traceId:-},  {spanId:-}, eureka-server, ] 588 --- [eureka-server] [RMI TCP Connection(19)-127.0.0.1] [                                                 ] com.netflix.discovery.DiscoveryClient    : Shutting down DiscoveryClient ...
2024-06-12T13:32:44.215-05:00  INFO [ {traceId:-},  {spanId:-}, eureka-server, ] 588 --- [eureka-server] [RMI TCP Connection(19)-127.0.0.1] [                                                 ] com.netflix.discovery.DiscoveryClient    : Completed shut down of DiscoveryClient
2024-06-12T13:44:15.244-05:00  INFO [ {traceId:-},  {spanId:-}, eureka-server, ] 24332 --- [eureka-server] [main] [                                                 ] c.l.e.EurekaServerApplication            : Starting EurekaServerApplication using Java 17.0.11 with PID 24332 (D:\34-microservices\eureka-server\target\classes started by golla in D:\34-microservices\eureka-server)
2024-06-12T13:44:15.252-05:00  INFO [ {traceId:-},  {spanId:-}, eureka-server, ] 24332 --- [eureka-server] [main] [                                                 ] c.l.e.EurekaServerApplication            : No active profile set, falling back to 1 default profile: "default"
2024-06-12T13:44:17.205-05:00  INFO [ {traceId:-},  {spanId:-}, eureka-server, ] 24332 --- [eureka-server] [main] [                                                 ] o.s.cloud.context.scope.GenericScope     : BeanFactory id=1eb456eb-882d-34e2-ad5d-ec2a7828430a
2024-06-12T13:44:17.291-05:00  WARN [ {traceId:-},  {spanId:-}, eureka-server, ] 24332 --- [eureka-server] [main] [                                                 ] trationDelegate$BeanPostProcessorChecker : Bean 'org.springframework.cloud.client.loadbalancer.LoadBalancerAutoConfiguration$DeferringLoadBalancerInterceptorConfig' of type [org.springframework.cloud.client.loadbalancer.LoadBalancerAutoConfiguration$DeferringLoadBalancerInterceptorConfig] is not eligible for getting processed by all BeanPostProcessors (for example: not eligible for auto-proxying). The currently created BeanPostProcessor [lbRestClientPostProcessor] is declared through a non-static factory method on that class; consider declaring it as static instead.
2024-06-12T13:44:17.301-05:00  WARN [ {traceId:-},  {spanId:-}, eureka-server, ] 24332 --- [eureka-server] [main] [                                                 ] trationDelegate$BeanPostProcessorChecker : Bean 'deferringLoadBalancerInterceptor' of type [org.springframework.cloud.client.loadbalancer.DeferringLoadBalancerInterceptor] is not eligible for getting processed by all BeanPostProcessors (for example: not eligible for auto-proxying). Is this bean getting eagerly injected into a currently created BeanPostProcessor [lbRestClientPostProcessor]? Check the corresponding BeanPostProcessor declaration and its dependencies.
2024-06-12T13:44:17.718-05:00  INFO [ {traceId:-},  {spanId:-}, eureka-server, ] 24332 --- [eureka-server] [main] [                                                 ] o.s.b.w.embedded.tomcat.TomcatWebServer  : Tomcat initialized with port 9002 (http)
2024-06-12T13:44:17.736-05:00  INFO [ {traceId:-},  {spanId:-}, eureka-server, ] 24332 --- [eureka-server] [main] [                                                 ] o.apache.catalina.core.StandardService   : Starting service [Tomcat]
2024-06-12T13:44:17.737-05:00  INFO [ {traceId:-},  {spanId:-}, eureka-server, ] 24332 --- [eureka-server] [main] [                                                 ] o.apache.catalina.core.StandardEngine    : Starting Servlet engine: [Apache Tomcat/10.1.24]
2024-06-12T13:44:17.886-05:00  INFO [ {traceId:-},  {spanId:-}, eureka-server, ] 24332 --- [eureka-server] [main] [                                                 ] o.a.c.c.C.[Tomcat].[localhost].[/]       : Initializing Spring embedded WebApplicationContext
2024-06-12T13:44:17.887-05:00  INFO [ {traceId:-},  {spanId:-}, eureka-server, ] 24332 --- [eureka-server] [main] [                                                 ] w.s.c.ServletWebServerApplicationContext : Root WebApplicationContext: initialization completed in 2540 ms
2024-06-12T13:44:19.920-05:00  INFO [ {traceId:-},  {spanId:-}, eureka-server, ] 24332 --- [eureka-server] [main] [                                                 ] c.n.d.provider.DiscoveryJerseyProvider   : Using JSON encoding codec LegacyJacksonJson
2024-06-12T13:44:19.923-05:00  INFO [ {traceId:-},  {spanId:-}, eureka-server, ] 24332 --- [eureka-server] [main] [                                                 ] c.n.d.provider.DiscoveryJerseyProvider   : Using JSON decoding codec LegacyJacksonJson
2024-06-12T13:44:20.341-05:00  INFO [ {traceId:-},  {spanId:-}, eureka-server, ] 24332 --- [eureka-server] [main] [                                                 ] c.n.d.provider.DiscoveryJerseyProvider   : Using XML encoding codec XStreamXml
2024-06-12T13:44:20.341-05:00  INFO [ {traceId:-},  {spanId:-}, eureka-server, ] 24332 --- [eureka-server] [main] [                                                 ] c.n.d.provider.DiscoveryJerseyProvider   : Using XML decoding codec XStreamXml
2024-06-12T13:44:24.272-05:00  WARN [ {traceId:-},  {spanId:-}, eureka-server, ] 24332 --- [eureka-server] [main] [                                                 ] iguration$LoadBalancerCaffeineWarnLogger : Spring Cloud LoadBalancer is currently working with the default cache. While this cache implementation is useful for development and tests, it's recommended to use Caffeine cache in production.You can switch to using Caffeine cache, by adding it and org.springframework.cache.caffeine.CaffeineCacheManager to the classpath.
2024-06-12T13:44:24.317-05:00  INFO [ {traceId:-},  {spanId:-}, eureka-server, ] 24332 --- [eureka-server] [main] [                                                 ] o.s.c.n.eureka.InstanceInfoFactory       : Setting initial instance status as: STARTING
2024-06-12T13:44:24.371-05:00  INFO [ {traceId:-},  {spanId:-}, eureka-server, ] 24332 --- [eureka-server] [main] [                                                 ] com.netflix.discovery.DiscoveryClient    : Initializing Eureka in region us-east-1
2024-06-12T13:44:24.372-05:00  INFO [ {traceId:-},  {spanId:-}, eureka-server, ] 24332 --- [eureka-server] [main] [                                                 ] com.netflix.discovery.DiscoveryClient    : Client configured to neither register nor query for data.
2024-06-12T13:44:24.389-05:00  INFO [ {traceId:-},  {spanId:-}, eureka-server, ] 24332 --- [eureka-server] [main] [                                                 ] com.netflix.discovery.DiscoveryClient    : Discovery Client initialized at timestamp 1718217864385 with initial instances count: 0
2024-06-12T13:44:24.477-05:00  INFO [ {traceId:-},  {spanId:-}, eureka-server, ] 24332 --- [eureka-server] [main] [                                                 ] c.n.eureka.DefaultEurekaServerContext    : Initializing ...
2024-06-12T13:44:24.484-05:00  INFO [ {traceId:-},  {spanId:-}, eureka-server, ] 24332 --- [eureka-server] [main] [                                                 ] c.n.eureka.cluster.PeerEurekaNodes       : Adding new peer nodes [http://localhost:9002/eureka/]
2024-06-12T13:44:24.815-05:00  INFO [ {traceId:-},  {spanId:-}, eureka-server, ] 24332 --- [eureka-server] [main] [                                                 ] c.n.d.provider.DiscoveryJerseyProvider   : Using JSON encoding codec LegacyJacksonJson
2024-06-12T13:44:24.816-05:00  INFO [ {traceId:-},  {spanId:-}, eureka-server, ] 24332 --- [eureka-server] [main] [                                                 ] c.n.d.provider.DiscoveryJerseyProvider   : Using JSON decoding codec LegacyJacksonJson
2024-06-12T13:44:24.817-05:00  INFO [ {traceId:-},  {spanId:-}, eureka-server, ] 24332 --- [eureka-server] [main] [                                                 ] c.n.d.provider.DiscoveryJerseyProvider   : Using XML encoding codec XStreamXml
2024-06-12T13:44:24.817-05:00  INFO [ {traceId:-},  {spanId:-}, eureka-server, ] 24332 --- [eureka-server] [main] [                                                 ] c.n.d.provider.DiscoveryJerseyProvider   : Using XML decoding codec XStreamXml
2024-06-12T13:44:24.941-05:00  INFO [ {traceId:-},  {spanId:-}, eureka-server, ] 24332 --- [eureka-server] [main] [                                                 ] c.n.eureka.cluster.PeerEurekaNodes       : Replica node URL:  http://localhost:9002/eureka/
2024-06-12T13:44:24.961-05:00  INFO [ {traceId:-},  {spanId:-}, eureka-server, ] 24332 --- [eureka-server] [main] [                                                 ] c.n.e.registry.AbstractInstanceRegistry  : Finished initializing remote region registries. All known remote regions: []
2024-06-12T13:44:24.964-05:00  INFO [ {traceId:-},  {spanId:-}, eureka-server, ] 24332 --- [eureka-server] [main] [                                                 ] c.n.eureka.DefaultEurekaServerContext    : Initialized
2024-06-12T13:44:24.992-05:00  INFO [ {traceId:-},  {spanId:-}, eureka-server, ] 24332 --- [eureka-server] [main] [                                                 ] o.s.b.a.e.web.EndpointLinksResolver      : Exposing 18 endpoints beneath base path '/actuator'
2024-06-12T13:44:25.201-05:00  INFO [ {traceId:-},  {spanId:-}, eureka-server, ] 24332 --- [eureka-server] [main] [                                                 ] o.s.c.n.e.s.EurekaServiceRegistry        : Registering application EUREKA-SERVER with eureka with status UP
2024-06-12T13:44:25.224-05:00  INFO [ {traceId:-},  {spanId:-}, eureka-server, ] 24332 --- [eureka-server] [Thread-9] [                                                 ] o.s.c.n.e.server.EurekaServerBootstrap   : isAws returned false
2024-06-12T13:44:25.225-05:00  INFO [ {traceId:-},  {spanId:-}, eureka-server, ] 24332 --- [eureka-server] [Thread-9] [                                                 ] o.s.c.n.e.server.EurekaServerBootstrap   : Initialized server context
2024-06-12T13:44:25.226-05:00  INFO [ {traceId:-},  {spanId:-}, eureka-server, ] 24332 --- [eureka-server] [Thread-9] [                                                 ] c.n.e.r.PeerAwareInstanceRegistryImpl    : Got 1 instances from neighboring DS node
2024-06-12T13:44:25.227-05:00  INFO [ {traceId:-},  {spanId:-}, eureka-server, ] 24332 --- [eureka-server] [Thread-9] [                                                 ] c.n.e.r.PeerAwareInstanceRegistryImpl    : Renew threshold is: 1
2024-06-12T13:44:25.228-05:00  INFO [ {traceId:-},  {spanId:-}, eureka-server, ] 24332 --- [eureka-server] [Thread-9] [                                                 ] c.n.e.r.PeerAwareInstanceRegistryImpl    : Changing status to UP
2024-06-12T13:44:25.246-05:00  INFO [ {traceId:-},  {spanId:-}, eureka-server, ] 24332 --- [eureka-server] [Thread-9] [                                                 ] e.s.EurekaServerInitializerConfiguration : Started Eureka Server
2024-06-12T13:44:25.291-05:00  INFO [ {traceId:-},  {spanId:-}, eureka-server, ] 24332 --- [eureka-server] [main] [                                                 ] o.s.b.w.embedded.tomcat.TomcatWebServer  : Tomcat started on port 9002 (http) with context path '/'
2024-06-12T13:44:25.294-05:00  INFO [ {traceId:-},  {spanId:-}, eureka-server, ] 24332 --- [eureka-server] [main] [                                                 ] .s.c.n.e.s.EurekaAutoServiceRegistration : Updating port to 9002
2024-06-12T13:44:26.137-05:00  INFO [ {traceId:-},  {spanId:-}, eureka-server, ] 24332 --- [eureka-server] [main] [                                                 ] c.l.e.EurekaServerApplication            : Started EurekaServerApplication in 11.866 seconds (process running for 13.233)
2024-06-12T13:44:26.662-05:00  INFO [ {traceId:-},  {spanId:-}, eureka-server, ] 24332 --- [eureka-server] [RMI TCP Connection(8)-127.0.0.1] [                                                 ] o.a.c.c.C.[Tomcat].[localhost].[/]       : Initializing Spring DispatcherServlet 'dispatcherServlet'
2024-06-12T13:44:26.662-05:00  INFO [ {traceId:-},  {spanId:-}, eureka-server, ] 24332 --- [eureka-server] [RMI TCP Connection(8)-127.0.0.1] [                                                 ] o.s.web.servlet.DispatcherServlet        : Initializing Servlet 'dispatcherServlet'
2024-06-12T13:44:26.666-05:00  INFO [ {traceId:-},  {spanId:-}, eureka-server, ] 24332 --- [eureka-server] [RMI TCP Connection(8)-127.0.0.1] [                                                 ] o.s.web.servlet.DispatcherServlet        : Completed initialization in 3 ms
2024-06-12T13:44:39.494-05:00  INFO [traceId=6669ec97db4609273cde98ada83bb3bd, spanId=9529e1b96c0cb627 {traceId:-}, traceId=6669ec97db4609273cde98ada83bb3bd, spanId=9529e1b96c0cb627 {spanId:-}, eureka-server, ] 24332 --- [eureka-server] [http-nio-9002-exec-2] [6669ec97db4609273cde98ada83bb3bd-9529e1b96c0cb627] c.n.e.registry.AbstractInstanceRegistry  : Registered instance ACCOUNTS/host.docker.internal:accounts:9003 with status UP (replication=false)
2024-06-12T13:44:40.289-05:00  INFO [traceId=6669ec988a31d4740f9bdd5252f2d6a4, spanId=0f9bdd5252f2d6a4 {traceId:-}, traceId=6669ec988a31d4740f9bdd5252f2d6a4, spanId=0f9bdd5252f2d6a4 {spanId:-}, eureka-server, ] 24332 --- [eureka-server] [http-nio-9002-exec-3] [6669ec988a31d4740f9bdd5252f2d6a4-0f9bdd5252f2d6a4] c.n.e.registry.AbstractInstanceRegistry  : Registered instance ACCOUNTS/host.docker.internal:accounts:9003 with status UP (replication=true)
2024-06-12T13:44:42.018-05:00  INFO [traceId=6669ec99e8da2c4bff51033ab563452f, spanId=24ccc708b41cded1 {traceId:-}, traceId=6669ec99e8da2c4bff51033ab563452f, spanId=24ccc708b41cded1 {spanId:-}, eureka-server, ] 24332 --- [eureka-server] [http-nio-9002-exec-5] [6669ec99e8da2c4bff51033ab563452f-24ccc708b41cded1] c.n.e.registry.AbstractInstanceRegistry  : Registered instance CARDS/host.docker.internal:cards:9004 with status UP (replication=false)
2024-06-12T13:44:42.538-05:00  INFO [traceId=6669ec9aa7d2e90e0a8271d3dbd82763, spanId=0a8271d3dbd82763 {traceId:-}, traceId=6669ec9aa7d2e90e0a8271d3dbd82763, spanId=0a8271d3dbd82763 {spanId:-}, eureka-server, ] 24332 --- [eureka-server] [http-nio-9002-exec-6] [6669ec9aa7d2e90e0a8271d3dbd82763-0a8271d3dbd82763] c.n.e.registry.AbstractInstanceRegistry  : Registered instance CARDS/host.docker.internal:cards:9004 with status UP (replication=true)
2024-06-12T13:44:43.005-05:00  INFO [traceId=6669ec9a8b66ef2c8ce5b8273d6faa35, spanId=4db8ad45e498acf3 {traceId:-}, traceId=6669ec9a8b66ef2c8ce5b8273d6faa35, spanId=4db8ad45e498acf3 {spanId:-}, eureka-server, ] 24332 --- [eureka-server] [http-nio-9002-exec-8] [6669ec9a8b66ef2c8ce5b8273d6faa35-4db8ad45e498acf3] c.n.e.registry.AbstractInstanceRegistry  : Registered instance LOANS/host.docker.internal:loans:9005 with status UP (replication=false)
2024-06-12T13:44:43.517-05:00  INFO [traceId=6669ec9b573b68a2796a0cd5c593baa6, spanId=796a0cd5c593baa6 {traceId:-}, traceId=6669ec9b573b68a2796a0cd5c593baa6, spanId=796a0cd5c593baa6 {spanId:-}, eureka-server, ] 24332 --- [eureka-server] [http-nio-9002-exec-9] [6669ec9b573b68a2796a0cd5c593baa6-796a0cd5c593baa6] c.n.e.registry.AbstractInstanceRegistry  : Registered instance LOANS/host.docker.internal:loans:9005 with status UP (replication=true)
2024-06-12T13:45:25.230-05:00  INFO [ {traceId:-},  {spanId:-}, eureka-server, ] 24332 --- [eureka-server] [Eureka-EvictionTimer] [                                                 ] c.n.e.registry.AbstractInstanceRegistry  : Running the evict task with compensationTime 0ms
2024-06-12T13:46:25.237-05:00  INFO [ {traceId:-},  {spanId:-}, eureka-server, ] 24332 --- [eureka-server] [Eureka-EvictionTimer] [                                                 ] c.n.e.registry.AbstractInstanceRegistry  : Running the evict task with compensationTime 6ms
2024-06-12T13:47:25.249-05:00  INFO [ {traceId:-},  {spanId:-}, eureka-server, ] 24332 --- [eureka-server] [Eureka-EvictionTimer] [                                                 ] c.n.e.registry.AbstractInstanceRegistry  : Running the evict task with compensationTime 11ms
2024-06-12T13:48:25.256-05:00  INFO [ {traceId:-},  {spanId:-}, eureka-server, ] 24332 --- [eureka-server] [Eureka-EvictionTimer] [                                                 ] c.n.e.registry.AbstractInstanceRegistry  : Running the evict task with compensationTime 6ms
2024-06-12T13:49:25.258-05:00  INFO [ {traceId:-},  {spanId:-}, eureka-server, ] 24332 --- [eureka-server] [Eureka-EvictionTimer] [                                                 ] c.n.e.registry.AbstractInstanceRegistry  : Running the evict task with compensationTime 2ms
2024-06-12T13:50:25.260-05:00  INFO [ {traceId:-},  {spanId:-}, eureka-server, ] 24332 --- [eureka-server] [Eureka-EvictionTimer] [                                                 ] c.n.e.registry.AbstractInstanceRegistry  : Running the evict task with compensationTime 1ms
2024-06-12T13:51:25.270-05:00  INFO [ {traceId:-},  {spanId:-}, eureka-server, ] 24332 --- [eureka-server] [Eureka-EvictionTimer] [                                                 ] c.n.e.registry.AbstractInstanceRegistry  : Running the evict task with compensationTime 10ms
2024-06-12T13:52:25.274-05:00  INFO [ {traceId:-},  {spanId:-}, eureka-server, ] 24332 --- [eureka-server] [Eureka-EvictionTimer] [                                                 ] c.n.e.registry.AbstractInstanceRegistry  : Running the evict task with compensationTime 2ms
2024-06-12T13:53:25.282-05:00  INFO [ {traceId:-},  {spanId:-}, eureka-server, ] 24332 --- [eureka-server] [Eureka-EvictionTimer] [                                                 ] c.n.e.registry.AbstractInstanceRegistry  : Running the evict task with compensationTime 8ms
2024-06-12T13:54:25.283-05:00  INFO [ {traceId:-},  {spanId:-}, eureka-server, ] 24332 --- [eureka-server] [Eureka-EvictionTimer] [                                                 ] c.n.e.registry.AbstractInstanceRegistry  : Running the evict task with compensationTime 0ms
2024-06-12T13:55:04.128-05:00  INFO [traceId=6669ef08477df981b16d228803fcbe25, spanId=3e7bbed4d41462e9 {traceId:-}, traceId=6669ef08477df981b16d228803fcbe25, spanId=3e7bbed4d41462e9 {spanId:-}, eureka-server, ] 24332 --- [eureka-server] [http-nio-9002-exec-9] [6669ef08477df981b16d228803fcbe25-3e7bbed4d41462e9] c.n.e.registry.AbstractInstanceRegistry  : Registered instance ACCOUNTS/host.docker.internal:accounts:9003 with status DOWN (replication=false)
2024-06-12T13:55:04.661-05:00  INFO [traceId=6669ef088d43f1915b4b67a9f1e855d8, spanId=5b4b67a9f1e855d8 {traceId:-}, traceId=6669ef088d43f1915b4b67a9f1e855d8, spanId=5b4b67a9f1e855d8 {spanId:-}, eureka-server, ] 24332 --- [eureka-server] [http-nio-9002-exec-10] [6669ef088d43f1915b4b67a9f1e855d8-5b4b67a9f1e855d8] c.n.e.registry.AbstractInstanceRegistry  : Registered instance ACCOUNTS/host.docker.internal:accounts:9003 with status DOWN (replication=true)
2024-06-12T13:55:06.304-05:00  INFO [traceId=6669ef0a7462b997d7e49663b9148659, spanId=ba94316f167aeac8 {traceId:-}, traceId=6669ef0a7462b997d7e49663b9148659, spanId=ba94316f167aeac8 {spanId:-}, eureka-server, ] 24332 --- [eureka-server] [http-nio-9002-exec-2] [6669ef0a7462b997d7e49663b9148659-ba94316f167aeac8] c.n.e.registry.AbstractInstanceRegistry  : Registered instance CARDS/host.docker.internal:cards:9004 with status DOWN (replication=false)
2024-06-12T13:55:06.827-05:00  INFO [traceId=6669ef0a05398fb898bfa37a5eeb552b, spanId=98bfa37a5eeb552b {traceId:-}, traceId=6669ef0a05398fb898bfa37a5eeb552b, spanId=98bfa37a5eeb552b {spanId:-}, eureka-server, ] 24332 --- [eureka-server] [http-nio-9002-exec-1] [6669ef0a05398fb898bfa37a5eeb552b-98bfa37a5eeb552b] c.n.e.registry.AbstractInstanceRegistry  : Registered instance CARDS/host.docker.internal:cards:9004 with status DOWN (replication=true)
2024-06-12T13:55:07.198-05:00  INFO [traceId=6669ef0b38d6623861b0d9174edb4589, spanId=e9d3f2b513eb0b8b {traceId:-}, traceId=6669ef0b38d6623861b0d9174edb4589, spanId=e9d3f2b513eb0b8b {spanId:-}, eureka-server, ] 24332 --- [eureka-server] [http-nio-9002-exec-7] [6669ef0b38d6623861b0d9174edb4589-e9d3f2b513eb0b8b] c.n.e.registry.AbstractInstanceRegistry  : Cancelled instance ACCOUNTS/host.docker.internal:accounts:9003 (replication=false)
2024-06-12T13:55:07.718-05:00  WARN [traceId=6669ef0bca2522831e77461df0990ebf, spanId=1e77461df0990ebf {traceId:-}, traceId=6669ef0bca2522831e77461df0990ebf, spanId=1e77461df0990ebf {spanId:-}, eureka-server, ] 24332 --- [eureka-server] [http-nio-9002-exec-6] [6669ef0bca2522831e77461df0990ebf-1e77461df0990ebf] c.n.e.registry.AbstractInstanceRegistry  : DS: Registry: cancel failed because Lease is not registered for: ACCOUNTS/host.docker.internal:accounts:9003
2024-06-12T13:55:07.719-05:00  INFO [traceId=6669ef0bca2522831e77461df0990ebf, spanId=1e77461df0990ebf {traceId:-}, traceId=6669ef0bca2522831e77461df0990ebf, spanId=1e77461df0990ebf {spanId:-}, eureka-server, ] 24332 --- [eureka-server] [http-nio-9002-exec-6] [6669ef0bca2522831e77461df0990ebf-1e77461df0990ebf] c.n.eureka.resources.InstanceResource    : Not Found (Cancel): ACCOUNTS - host.docker.internal:accounts:9003
2024-06-12T13:55:07.721-05:00  WARN [ {traceId:-},  {spanId:-}, eureka-server, ] 24332 --- [eureka-server] [TaskBatchingWorker-target_localhost-3] [                                                 ] c.n.eureka.cluster.ReplicationTask       : The replication of task ACCOUNTS/host.docker.internal:accounts:9003:Cancel@localhost failed with response code 404
2024-06-12T13:55:07.722-05:00  WARN [ {traceId:-},  {spanId:-}, eureka-server, ] 24332 --- [eureka-server] [TaskBatchingWorker-target_localhost-3] [                                                 ] c.netflix.eureka.cluster.PeerEurekaNode  : ACCOUNTS/host.docker.internal:accounts:9003:Cancel@localhost: missing entry.
2024-06-12T13:55:08.360-05:00  INFO [ {traceId:-},  {spanId:-}, eureka-server, ] 24332 --- [eureka-server] [RMI TCP Connection(20)-127.0.0.1] [                                                 ] inMXBeanRegistrar$SpringApplicationAdmin : Application shutdown requested.
2024-06-12T13:55:08.361-05:00  INFO [ {traceId:-},  {spanId:-}, eureka-server, ] 24332 --- [eureka-server] [RMI TCP Connection(20)-127.0.0.1] [                                                 ] o.s.c.n.e.s.EurekaServiceRegistry        : Unregistering application EUREKA-SERVER with eureka with status DOWN
2024-06-12T13:55:08.382-05:00  INFO [ {traceId:-},  {spanId:-}, eureka-server, ] 24332 --- [eureka-server] [RMI TCP Connection(20)-127.0.0.1] [                                                 ] o.s.c.n.e.server.EurekaServerBootstrap   : Shutting down Eureka Server..
2024-06-12T13:55:08.386-05:00  INFO [ {traceId:-},  {spanId:-}, eureka-server, ] 24332 --- [eureka-server] [RMI TCP Connection(20)-127.0.0.1] [                                                 ] c.n.eureka.DefaultEurekaServerContext    : Shutting down ...
2024-06-12T13:55:08.410-05:00  INFO [ {traceId:-},  {spanId:-}, eureka-server, ] 24332 --- [eureka-server] [RMI TCP Connection(20)-127.0.0.1] [                                                 ] c.n.eureka.DefaultEurekaServerContext    : Shut down
2024-06-12T13:55:08.410-05:00  INFO [ {traceId:-},  {spanId:-}, eureka-server, ] 24332 --- [eureka-server] [RMI TCP Connection(20)-127.0.0.1] [                                                 ] o.s.c.n.e.server.EurekaServerBootstrap   : Eureka Service is now shutdown...
2024-06-12T13:55:08.411-05:00  INFO [ {traceId:-},  {spanId:-}, eureka-server, ] 24332 --- [eureka-server] [RMI TCP Connection(20)-127.0.0.1] [                                                 ] c.n.eureka.DefaultEurekaServerContext    : Shutting down ...
2024-06-12T13:55:08.418-05:00  INFO [ {traceId:-},  {spanId:-}, eureka-server, ] 24332 --- [eureka-server] [RMI TCP Connection(20)-127.0.0.1] [                                                 ] c.n.eureka.DefaultEurekaServerContext    : Shut down
2024-06-12T13:55:08.433-05:00  INFO [ {traceId:-},  {spanId:-}, eureka-server, ] 24332 --- [eureka-server] [RMI TCP Connection(20)-127.0.0.1] [                                                 ] com.netflix.discovery.DiscoveryClient    : Shutting down DiscoveryClient ...
2024-06-12T13:55:08.434-05:00  INFO [ {traceId:-},  {spanId:-}, eureka-server, ] 24332 --- [eureka-server] [RMI TCP Connection(20)-127.0.0.1] [                                                 ] com.netflix.discovery.DiscoveryClient    : Completed shut down of DiscoveryClient
