2024-06-16T11:57:01.503-05:00  INFO [ {traceId:-},  {spanId:-}, loans, ] 26712 --- [loans] [main] [                                                 ] c.l.loans.LoansApplication               : Starting LoansApplication using Java 17.0.11 with PID 26712 (D:\34-microservices\loans\target\classes started by golla in D:\34-microservices\loans)
2024-06-16T11:57:01.509-05:00  INFO [ {traceId:-},  {spanId:-}, loans, ] 26712 --- [loans] [main] [                                                 ] c.l.loans.LoansApplication               : No active profile set, falling back to 1 default profile: "default"
2024-06-16T11:57:02.998-05:00  INFO [ {traceId:-},  {spanId:-}, loans, ] 26712 --- [loans] [main] [                                                 ] .s.d.r.c.RepositoryConfigurationDelegate : Bootstrapping Spring Data JPA repositories in DEFAULT mode.
2024-06-16T11:57:03.169-05:00  INFO [ {traceId:-},  {spanId:-}, loans, ] 26712 --- [loans] [main] [                                                 ] .s.d.r.c.RepositoryConfigurationDelegate : Finished Spring Data repository scanning in 152 ms. Found 1 JPA repository interface.
2024-06-16T11:57:03.432-05:00  INFO [ {traceId:-},  {spanId:-}, loans, ] 26712 --- [loans] [main] [                                                 ] o.s.cloud.context.scope.GenericScope     : BeanFactory id=b67a4b6a-dc91-3ebf-97fe-ed4c11fe490f
2024-06-16T11:57:03.711-05:00  WARN [ {traceId:-},  {spanId:-}, loans, ] 26712 --- [loans] [main] [                                                 ] trationDelegate$BeanPostProcessorChecker : Bean 'org.springframework.cloud.client.loadbalancer.LoadBalancerAutoConfiguration$DeferringLoadBalancerInterceptorConfig' of type [org.springframework.cloud.client.loadbalancer.LoadBalancerAutoConfiguration$DeferringLoadBalancerInterceptorConfig] is not eligible for getting processed by all BeanPostProcessors (for example: not eligible for auto-proxying). The currently created BeanPostProcessor [lbRestClientPostProcessor] is declared through a non-static factory method on that class; consider declaring it as static instead.
2024-06-16T11:57:03.714-05:00  WARN [ {traceId:-},  {spanId:-}, loans, ] 26712 --- [loans] [main] [                                                 ] trationDelegate$BeanPostProcessorChecker : Bean 'deferringLoadBalancerInterceptor' of type [org.springframework.cloud.client.loadbalancer.DeferringLoadBalancerInterceptor] is not eligible for getting processed by all BeanPostProcessors (for example: not eligible for auto-proxying). Is this bean getting eagerly injected into a currently created BeanPostProcessor [lbRestClientPostProcessor]? Check the corresponding BeanPostProcessor declaration and its dependencies.
2024-06-16T11:57:04.003-05:00  INFO [ {traceId:-},  {spanId:-}, loans, ] 26712 --- [loans] [main] [                                                 ] o.s.b.w.embedded.tomcat.TomcatWebServer  : Tomcat initialized with port 9005 (http)
2024-06-16T11:57:04.021-05:00  INFO [ {traceId:-},  {spanId:-}, loans, ] 26712 --- [loans] [main] [                                                 ] o.apache.catalina.core.StandardService   : Starting service [Tomcat]
2024-06-16T11:57:04.021-05:00  INFO [ {traceId:-},  {spanId:-}, loans, ] 26712 --- [loans] [main] [                                                 ] o.apache.catalina.core.StandardEngine    : Starting Servlet engine: [Apache Tomcat/10.1.24]
2024-06-16T11:57:04.108-05:00  INFO [ {traceId:-},  {spanId:-}, loans, ] 26712 --- [loans] [main] [                                                 ] o.a.c.c.C.[Tomcat].[localhost].[/]       : Initializing Spring embedded WebApplicationContext
2024-06-16T11:57:04.109-05:00  INFO [ {traceId:-},  {spanId:-}, loans, ] 26712 --- [loans] [main] [                                                 ] w.s.c.ServletWebServerApplicationContext : Root WebApplicationContext: initialization completed in 2545 ms
2024-06-16T11:57:04.604-05:00  INFO [ {traceId:-},  {spanId:-}, loans, ] 26712 --- [loans] [main] [                                                 ] com.zaxxer.hikari.HikariDataSource       : HikariPool-1 - Starting...
2024-06-16T11:57:04.823-05:00  INFO [ {traceId:-},  {spanId:-}, loans, ] 26712 --- [loans] [main] [                                                 ] com.zaxxer.hikari.pool.HikariPool        : HikariPool-1 - Added connection conn0: url=jdbc:h2:mem:loansdb user=ADMIN
2024-06-16T11:57:04.825-05:00  INFO [ {traceId:-},  {spanId:-}, loans, ] 26712 --- [loans] [main] [                                                 ] com.zaxxer.hikari.HikariDataSource       : HikariPool-1 - Start completed.
2024-06-16T11:57:04.840-05:00  INFO [ {traceId:-},  {spanId:-}, loans, ] 26712 --- [loans] [main] [                                                 ] o.s.b.a.h2.H2ConsoleAutoConfiguration    : H2 console available at '/h2-console'. Database available at 'jdbc:h2:mem:loansdb'
2024-06-16T11:57:05.111-05:00  INFO [ {traceId:-},  {spanId:-}, loans, ] 26712 --- [loans] [main] [                                                 ] o.hibernate.jpa.internal.util.LogHelper  : HHH000204: Processing PersistenceUnitInfo [name: default]
2024-06-16T11:57:05.175-05:00  INFO [ {traceId:-},  {spanId:-}, loans, ] 26712 --- [loans] [main] [                                                 ] org.hibernate.Version                    : HHH000412: Hibernate ORM core version 6.5.2.Final
2024-06-16T11:57:05.211-05:00  INFO [ {traceId:-},  {spanId:-}, loans, ] 26712 --- [loans] [main] [                                                 ] o.h.c.internal.RegionFactoryInitiator    : HHH000026: Second-level cache disabled
2024-06-16T11:57:05.593-05:00  INFO [ {traceId:-},  {spanId:-}, loans, ] 26712 --- [loans] [main] [                                                 ] o.s.o.j.p.SpringPersistenceUnitInfo      : No LoadTimeWeaver setup: ignoring JPA class transformer
2024-06-16T11:57:06.597-05:00  INFO [ {traceId:-},  {spanId:-}, loans, ] 26712 --- [loans] [main] [                                                 ] o.h.e.t.j.p.i.JtaPlatformInitiator       : HHH000489: No JTA platform available (set 'hibernate.transaction.jta.platform' to enable JTA platform integration)
2024-06-16T11:57:06.649-05:00  INFO [ {traceId:-},  {spanId:-}, loans, ] 26712 --- [loans] [main] [                                                 ] j.LocalContainerEntityManagerFactoryBean : Initialized JPA EntityManagerFactory for persistence unit 'default'
2024-06-16T11:57:07.144-05:00  WARN [ {traceId:-},  {spanId:-}, loans, ] 26712 --- [loans] [main] [                                                 ] JpaBaseConfiguration$JpaWebConfiguration : spring.jpa.open-in-view is enabled by default. Therefore, database queries may be performed during view rendering. Explicitly configure spring.jpa.open-in-view to disable this warning
2024-06-16T11:57:08.442-05:00  INFO [ {traceId:-},  {spanId:-}, loans, ] 26712 --- [loans] [main] [                                                 ] DiscoveryClientOptionalArgsConfiguration : Eureka HTTP Client uses RestTemplate.
2024-06-16T11:57:08.490-05:00  WARN [ {traceId:-},  {spanId:-}, loans, ] 26712 --- [loans] [main] [                                                 ] iguration$LoadBalancerCaffeineWarnLogger : Spring Cloud LoadBalancer is currently working with the default cache. While this cache implementation is useful for development and tests, it's recommended to use Caffeine cache in production.You can switch to using Caffeine cache, by adding it and org.springframework.cache.caffeine.CaffeineCacheManager to the classpath.
2024-06-16T11:57:08.510-05:00  INFO [ {traceId:-},  {spanId:-}, loans, ] 26712 --- [loans] [main] [                                                 ] o.s.b.a.e.web.EndpointLinksResolver      : Exposing 18 endpoints beneath base path '/actuator'
2024-06-16T11:57:08.623-05:00  INFO [ {traceId:-},  {spanId:-}, loans, ] 26712 --- [loans] [main] [                                                 ] o.s.c.n.eureka.InstanceInfoFactory       : Setting initial instance status as: STARTING
2024-06-16T11:57:08.652-05:00  INFO [ {traceId:-},  {spanId:-}, loans, ] 26712 --- [loans] [main] [                                                 ] com.netflix.discovery.DiscoveryClient    : Initializing Eureka in region us-east-1
2024-06-16T11:57:08.656-05:00  INFO [ {traceId:-},  {spanId:-}, loans, ] 26712 --- [loans] [main] [                                                 ] c.n.d.s.r.aws.ConfigClusterResolver      : Resolving eureka endpoints via configuration
2024-06-16T11:57:08.673-05:00  INFO [ {traceId:-},  {spanId:-}, loans, ] 26712 --- [loans] [main] [                                                 ] com.netflix.discovery.DiscoveryClient    : Disable delta property : false
2024-06-16T11:57:08.674-05:00  INFO [ {traceId:-},  {spanId:-}, loans, ] 26712 --- [loans] [main] [                                                 ] com.netflix.discovery.DiscoveryClient    : Single vip registry refresh property : null
2024-06-16T11:57:08.674-05:00  INFO [ {traceId:-},  {spanId:-}, loans, ] 26712 --- [loans] [main] [                                                 ] com.netflix.discovery.DiscoveryClient    : Force full registry fetch : false
2024-06-16T11:57:08.674-05:00  INFO [ {traceId:-},  {spanId:-}, loans, ] 26712 --- [loans] [main] [                                                 ] com.netflix.discovery.DiscoveryClient    : Application is null : false
2024-06-16T11:57:08.674-05:00  INFO [ {traceId:-},  {spanId:-}, loans, ] 26712 --- [loans] [main] [                                                 ] com.netflix.discovery.DiscoveryClient    : Registered Applications size is zero : true
2024-06-16T11:57:08.674-05:00  INFO [ {traceId:-},  {spanId:-}, loans, ] 26712 --- [loans] [main] [                                                 ] com.netflix.discovery.DiscoveryClient    : Application version is -1: true
2024-06-16T11:57:08.674-05:00  INFO [ {traceId:-},  {spanId:-}, loans, ] 26712 --- [loans] [main] [                                                 ] com.netflix.discovery.DiscoveryClient    : Getting all instance registry info from the eureka server
2024-06-16T11:57:08.882-05:00  INFO [ {traceId:-},  {spanId:-}, loans, ] 26712 --- [loans] [main] [                                                 ] com.netflix.discovery.DiscoveryClient    : The response status is 200
2024-06-16T11:57:08.884-05:00  INFO [ {traceId:-},  {spanId:-}, loans, ] 26712 --- [loans] [main] [                                                 ] com.netflix.discovery.DiscoveryClient    : Starting heartbeat executor: renew interval is: 30
2024-06-16T11:57:08.886-05:00  INFO [ {traceId:-},  {spanId:-}, loans, ] 26712 --- [loans] [main] [                                                 ] c.n.discovery.InstanceInfoReplicator     : InstanceInfoReplicator onDemand update allowed rate per min is 4
2024-06-16T11:57:08.890-05:00  INFO [ {traceId:-},  {spanId:-}, loans, ] 26712 --- [loans] [main] [                                                 ] com.netflix.discovery.DiscoveryClient    : Discovery Client initialized at timestamp 1718557028889 with initial instances count: 0
2024-06-16T11:57:08.895-05:00  INFO [ {traceId:-},  {spanId:-}, loans, ] 26712 --- [loans] [main] [                                                 ] o.s.c.n.e.s.EurekaServiceRegistry        : Registering application LOANS with eureka with status UP
2024-06-16T11:57:08.896-05:00  INFO [ {traceId:-},  {spanId:-}, loans, ] 26712 --- [loans] [main] [                                                 ] com.netflix.discovery.DiscoveryClient    : Saw local status change event StatusChangeEvent [timestamp=1718557028896, current=UP, previous=STARTING]
2024-06-16T11:57:08.898-05:00  INFO [ {traceId:-},  {spanId:-}, loans, ] 26712 --- [loans] [DiscoveryClient-InstanceInfoReplicator-0] [                                                 ] com.netflix.discovery.DiscoveryClient    : DiscoveryClient_LOANS/host.docker.internal:loans:9005: registering service...
2024-06-16T11:57:08.914-05:00  INFO [ {traceId:-},  {spanId:-}, loans, ] 26712 --- [loans] [main] [                                                 ] o.s.b.w.embedded.tomcat.TomcatWebServer  : Tomcat started on port 9005 (http) with context path '/'
2024-06-16T11:57:08.915-05:00  INFO [ {traceId:-},  {spanId:-}, loans, ] 26712 --- [loans] [main] [                                                 ] .s.c.n.e.s.EurekaAutoServiceRegistration : Updating port to 9005
2024-06-16T11:57:08.941-05:00  INFO [ {traceId:-},  {spanId:-}, loans, ] 26712 --- [loans] [DiscoveryClient-InstanceInfoReplicator-0] [                                                 ] com.netflix.discovery.DiscoveryClient    : DiscoveryClient_LOANS/host.docker.internal:loans:9005 - registration status: 204
2024-06-16T11:57:09.104-05:00  INFO [ {traceId:-},  {spanId:-}, loans, ] 26712 --- [loans] [main] [                                                 ] c.l.loans.LoansApplication               : Started LoansApplication in 8.311 seconds (process running for 9.231)
2024-06-16T11:57:09.223-05:00  INFO [ {traceId:-},  {spanId:-}, loans, ] 26712 --- [loans] [RMI TCP Connection(5)-127.0.0.1] [                                                 ] o.a.c.c.C.[Tomcat].[localhost].[/]       : Initializing Spring DispatcherServlet 'dispatcherServlet'
2024-06-16T11:57:09.224-05:00  INFO [ {traceId:-},  {spanId:-}, loans, ] 26712 --- [loans] [RMI TCP Connection(5)-127.0.0.1] [                                                 ] o.s.web.servlet.DispatcherServlet        : Initializing Servlet 'dispatcherServlet'
2024-06-16T11:57:09.226-05:00  INFO [ {traceId:-},  {spanId:-}, loans, ] 26712 --- [loans] [RMI TCP Connection(5)-127.0.0.1] [                                                 ] o.s.web.servlet.DispatcherServlet        : Completed initialization in 2 ms
2024-06-16T11:57:38.890-05:00  INFO [ {traceId:-},  {spanId:-}, loans, ] 26712 --- [loans] [DiscoveryClient-CacheRefreshExecutor-0] [                                                 ] com.netflix.discovery.DiscoveryClient    : Disable delta property : false
2024-06-16T11:57:38.890-05:00  INFO [ {traceId:-},  {spanId:-}, loans, ] 26712 --- [loans] [DiscoveryClient-CacheRefreshExecutor-0] [                                                 ] com.netflix.discovery.DiscoveryClient    : Single vip registry refresh property : null
2024-06-16T11:57:38.890-05:00  INFO [ {traceId:-},  {spanId:-}, loans, ] 26712 --- [loans] [DiscoveryClient-CacheRefreshExecutor-0] [                                                 ] com.netflix.discovery.DiscoveryClient    : Force full registry fetch : false
2024-06-16T11:57:38.890-05:00  INFO [ {traceId:-},  {spanId:-}, loans, ] 26712 --- [loans] [DiscoveryClient-CacheRefreshExecutor-0] [                                                 ] com.netflix.discovery.DiscoveryClient    : Application is null : false
2024-06-16T11:57:38.890-05:00  INFO [ {traceId:-},  {spanId:-}, loans, ] 26712 --- [loans] [DiscoveryClient-CacheRefreshExecutor-0] [                                                 ] com.netflix.discovery.DiscoveryClient    : Registered Applications size is zero : true
2024-06-16T11:57:38.890-05:00  INFO [ {traceId:-},  {spanId:-}, loans, ] 26712 --- [loans] [DiscoveryClient-CacheRefreshExecutor-0] [                                                 ] com.netflix.discovery.DiscoveryClient    : Application version is -1: false
2024-06-16T11:57:38.890-05:00  INFO [ {traceId:-},  {spanId:-}, loans, ] 26712 --- [loans] [DiscoveryClient-CacheRefreshExecutor-0] [                                                 ] com.netflix.discovery.DiscoveryClient    : Getting all instance registry info from the eureka server
2024-06-16T11:57:38.905-05:00  INFO [ {traceId:-},  {spanId:-}, loans, ] 26712 --- [loans] [DiscoveryClient-CacheRefreshExecutor-0] [                                                 ] com.netflix.discovery.DiscoveryClient    : The response status is 200
2024-06-16T11:57:44.792-05:00  INFO [traceId=666f1988601aba5c5f55a720eb61801e, spanId=5f55a720eb61801e {traceId:-}, traceId=666f1988601aba5c5f55a720eb61801e, spanId=5f55a720eb61801e {spanId:-}, loans, ] 26712 --- [loans] [http-nio-9005-exec-2] [666f1988601aba5c5f55a720eb61801e-5f55a720eb61801e] c.l.loans.controllers.LoanController     : LoanController :: createLoan
2024-06-16T11:57:44.792-05:00  INFO [traceId=666f1988601aba5c5f55a720eb61801e, spanId=5f55a720eb61801e {traceId:-}, traceId=666f1988601aba5c5f55a720eb61801e, spanId=5f55a720eb61801e {spanId:-}, loans, ] 26712 --- [loans] [http-nio-9005-exec-2] [666f1988601aba5c5f55a720eb61801e-5f55a720eb61801e] c.l.loans.services.impl.LoanServiceImpl  : LoanServiceImpl :: createLoan
2024-06-16T11:57:45.038-05:00  INFO [traceId=666f1988601aba5c5f55a720eb61801e, spanId=5f55a720eb61801e {traceId:-}, traceId=666f1988601aba5c5f55a720eb61801e, spanId=5f55a720eb61801e {spanId:-}, loans, ] 26712 --- [loans] [http-nio-9005-exec-2] [666f1988601aba5c5f55a720eb61801e-5f55a720eb61801e] c.l.loans.services.impl.LoanServiceImpl  : LoanServiceImpl :: createLoan - loan successfully created
2024-06-16T11:57:55.494-05:00  INFO [traceId=666f19932707a4ddd11097d2682c4b0d, spanId=8339d0acd4fd91f4 {traceId:-}, traceId=666f19932707a4ddd11097d2682c4b0d, spanId=8339d0acd4fd91f4 {spanId:-}, loans, ] 26712 --- [loans] [http-nio-9005-exec-3] [666f19932707a4ddd11097d2682c4b0d-8339d0acd4fd91f4] c.l.loans.controllers.LoanController     : LoanController :: fetchLoan
2024-06-16T11:57:55.494-05:00  INFO [traceId=666f19932707a4ddd11097d2682c4b0d, spanId=8339d0acd4fd91f4 {traceId:-}, traceId=666f19932707a4ddd11097d2682c4b0d, spanId=8339d0acd4fd91f4 {spanId:-}, loans, ] 26712 --- [loans] [http-nio-9005-exec-3] [666f19932707a4ddd11097d2682c4b0d-8339d0acd4fd91f4] c.l.loans.services.impl.LoanServiceImpl  : LoanServiceImpl :: fetchLoan
2024-06-16T11:58:06.008-05:00  INFO [ {traceId:-},  {spanId:-}, loans, ] 26712 --- [loans] [RMI TCP Connection(10)-127.0.0.1] [                                                 ] inMXBeanRegistrar$SpringApplicationAdmin : Application shutdown requested.
2024-06-16T11:58:06.008-05:00  INFO [ {traceId:-},  {spanId:-}, loans, ] 26712 --- [loans] [RMI TCP Connection(10)-127.0.0.1] [                                                 ] o.s.c.n.e.s.EurekaServiceRegistry        : Unregistering application LOANS with eureka with status DOWN
2024-06-16T11:58:06.008-05:00  INFO [ {traceId:-},  {spanId:-}, loans, ] 26712 --- [loans] [RMI TCP Connection(10)-127.0.0.1] [                                                 ] com.netflix.discovery.DiscoveryClient    : Saw local status change event StatusChangeEvent [timestamp=1718557086008, current=DOWN, previous=UP]
2024-06-16T11:58:06.009-05:00  INFO [ {traceId:-},  {spanId:-}, loans, ] 26712 --- [loans] [DiscoveryClient-InstanceInfoReplicator-0] [                                                 ] com.netflix.discovery.DiscoveryClient    : DiscoveryClient_LOANS/host.docker.internal:loans:9005: registering service...
2024-06-16T11:58:06.027-05:00  INFO [ {traceId:-},  {spanId:-}, loans, ] 26712 --- [loans] [DiscoveryClient-InstanceInfoReplicator-0] [                                                 ] com.netflix.discovery.DiscoveryClient    : DiscoveryClient_LOANS/host.docker.internal:loans:9005 - registration status: 204
2024-06-16T11:58:06.031-05:00  INFO [ {traceId:-},  {spanId:-}, loans, ] 26712 --- [loans] [RMI TCP Connection(10)-127.0.0.1] [                                                 ] j.LocalContainerEntityManagerFactoryBean : Closing JPA EntityManagerFactory for persistence unit 'default'
2024-06-16T11:58:06.033-05:00  INFO [ {traceId:-},  {spanId:-}, loans, ] 26712 --- [loans] [RMI TCP Connection(10)-127.0.0.1] [                                                 ] com.zaxxer.hikari.HikariDataSource       : HikariPool-1 - Shutdown initiated...
2024-06-16T11:58:06.037-05:00  INFO [ {traceId:-},  {spanId:-}, loans, ] 26712 --- [loans] [RMI TCP Connection(10)-127.0.0.1] [                                                 ] com.zaxxer.hikari.HikariDataSource       : HikariPool-1 - Shutdown completed.
2024-06-16T11:58:06.482-05:00  INFO [ {traceId:-},  {spanId:-}, loans, ] 26712 --- [loans] [RMI TCP Connection(10)-127.0.0.1] [                                                 ] com.netflix.discovery.DiscoveryClient    : Shutting down DiscoveryClient ...
2024-06-16T11:58:09.483-05:00  WARN [ {traceId:-},  {spanId:-}, loans, ] 26712 --- [loans] [DiscoveryClient-0] [                                                 ] c.netflix.discovery.TimedSupervisorTask  : task supervisor shutting down, can't accept the task
2024-06-16T11:58:09.485-05:00  INFO [ {traceId:-},  {spanId:-}, loans, ] 26712 --- [loans] [RMI TCP Connection(10)-127.0.0.1] [                                                 ] com.netflix.discovery.DiscoveryClient    : Unregistering ...
2024-06-16T11:58:09.495-05:00  INFO [ {traceId:-},  {spanId:-}, loans, ] 26712 --- [loans] [RMI TCP Connection(10)-127.0.0.1] [                                                 ] com.netflix.discovery.DiscoveryClient    : DiscoveryClient_LOANS/host.docker.internal:loans:9005 - deregister  status: 200
2024-06-16T11:58:09.499-05:00  INFO [ {traceId:-},  {spanId:-}, loans, ] 26712 --- [loans] [RMI TCP Connection(10)-127.0.0.1] [                                                 ] com.netflix.discovery.DiscoveryClient    : Completed shut down of DiscoveryClient
