2024-06-18T20:13:51.540-05:00  INFO [ {traceId:-},  {spanId:-}, accounts, ] 9920 --- [accounts] [main] [                                                 ] c.l.accounts.AccountsApplication         : Starting AccountsApplication using Java 17.0.11 with PID 9920 (D:\34-microservices\accounts\target\classes started by golla in D:\34-microservices\accounts)
2024-06-18T20:13:51.553-05:00  INFO [ {traceId:-},  {spanId:-}, accounts, ] 9920 --- [accounts] [main] [                                                 ] c.l.accounts.AccountsApplication         : No active profile set, falling back to 1 default profile: "default"
2024-06-18T20:13:55.858-05:00  INFO [ {traceId:-},  {spanId:-}, accounts, ] 9920 --- [accounts] [main] [                                                 ] .s.d.r.c.RepositoryConfigurationDelegate : Bootstrapping Spring Data JPA repositories in DEFAULT mode.
2024-06-18T20:13:56.303-05:00  INFO [ {traceId:-},  {spanId:-}, accounts, ] 9920 --- [accounts] [main] [                                                 ] .s.d.r.c.RepositoryConfigurationDelegate : Finished Spring Data repository scanning in 406 ms. Found 2 JPA repository interfaces.
2024-06-18T20:13:57.068-05:00  INFO [ {traceId:-},  {spanId:-}, accounts, ] 9920 --- [accounts] [main] [                                                 ] o.s.cloud.context.scope.GenericScope     : BeanFactory id=a8e4c524-1bf4-30f4-a0ca-92c5d4dc8f4f
2024-06-18T20:13:58.020-05:00  WARN [ {traceId:-},  {spanId:-}, accounts, ] 9920 --- [accounts] [main] [                                                 ] trationDelegate$BeanPostProcessorChecker : Bean 'org.springframework.cloud.client.loadbalancer.LoadBalancerAutoConfiguration$DeferringLoadBalancerInterceptorConfig' of type [org.springframework.cloud.client.loadbalancer.LoadBalancerAutoConfiguration$DeferringLoadBalancerInterceptorConfig] is not eligible for getting processed by all BeanPostProcessors (for example: not eligible for auto-proxying). The currently created BeanPostProcessor [lbRestClientPostProcessor] is declared through a non-static factory method on that class; consider declaring it as static instead.
2024-06-18T20:13:58.040-05:00  WARN [ {traceId:-},  {spanId:-}, accounts, ] 9920 --- [accounts] [main] [                                                 ] trationDelegate$BeanPostProcessorChecker : Bean 'deferringLoadBalancerInterceptor' of type [org.springframework.cloud.client.loadbalancer.DeferringLoadBalancerInterceptor] is not eligible for getting processed by all BeanPostProcessors (for example: not eligible for auto-proxying). Is this bean getting eagerly injected into a currently created BeanPostProcessor [lbRestClientPostProcessor]? Check the corresponding BeanPostProcessor declaration and its dependencies.
2024-06-18T20:13:58.831-05:00  INFO [ {traceId:-},  {spanId:-}, accounts, ] 9920 --- [accounts] [main] [                                                 ] o.s.b.w.embedded.tomcat.TomcatWebServer  : Tomcat initialized with port 9003 (http)
2024-06-18T20:13:58.862-05:00  INFO [ {traceId:-},  {spanId:-}, accounts, ] 9920 --- [accounts] [main] [                                                 ] o.apache.catalina.core.StandardService   : Starting service [Tomcat]
2024-06-18T20:13:58.863-05:00  INFO [ {traceId:-},  {spanId:-}, accounts, ] 9920 --- [accounts] [main] [                                                 ] o.apache.catalina.core.StandardEngine    : Starting Servlet engine: [Apache Tomcat/10.1.24]
2024-06-18T20:13:59.206-05:00  INFO [ {traceId:-},  {spanId:-}, accounts, ] 9920 --- [accounts] [main] [                                                 ] o.a.c.c.C.[Tomcat].[localhost].[/]       : Initializing Spring embedded WebApplicationContext
2024-06-18T20:13:59.208-05:00  INFO [ {traceId:-},  {spanId:-}, accounts, ] 9920 --- [accounts] [main] [                                                 ] w.s.c.ServletWebServerApplicationContext : Root WebApplicationContext: initialization completed in 7520 ms
2024-06-18T20:14:00.759-05:00  INFO [ {traceId:-},  {spanId:-}, accounts, ] 9920 --- [accounts] [main] [                                                 ] com.zaxxer.hikari.HikariDataSource       : HikariPool-1 - Starting...
2024-06-18T20:14:01.408-05:00  INFO [ {traceId:-},  {spanId:-}, accounts, ] 9920 --- [accounts] [main] [                                                 ] com.zaxxer.hikari.pool.HikariPool        : HikariPool-1 - Added connection conn0: url=jdbc:h2:mem:accountsdb user=ADMIN
2024-06-18T20:14:01.411-05:00  INFO [ {traceId:-},  {spanId:-}, accounts, ] 9920 --- [accounts] [main] [                                                 ] com.zaxxer.hikari.HikariDataSource       : HikariPool-1 - Start completed.
2024-06-18T20:14:01.436-05:00  INFO [ {traceId:-},  {spanId:-}, accounts, ] 9920 --- [accounts] [main] [                                                 ] o.s.b.a.h2.H2ConsoleAutoConfiguration    : H2 console available at '/h2-console'. Database available at 'jdbc:h2:mem:accountsdb'
2024-06-18T20:14:02.183-05:00  INFO [ {traceId:-},  {spanId:-}, accounts, ] 9920 --- [accounts] [main] [                                                 ] o.hibernate.jpa.internal.util.LogHelper  : HHH000204: Processing PersistenceUnitInfo [name: default]
2024-06-18T20:14:02.385-05:00  INFO [ {traceId:-},  {spanId:-}, accounts, ] 9920 --- [accounts] [main] [                                                 ] org.hibernate.Version                    : HHH000412: Hibernate ORM core version 6.5.2.Final
2024-06-18T20:14:02.511-05:00  INFO [ {traceId:-},  {spanId:-}, accounts, ] 9920 --- [accounts] [main] [                                                 ] o.h.c.internal.RegionFactoryInitiator    : HHH000026: Second-level cache disabled
2024-06-18T20:14:03.301-05:00  INFO [ {traceId:-},  {spanId:-}, accounts, ] 9920 --- [accounts] [main] [                                                 ] o.s.o.j.p.SpringPersistenceUnitInfo      : No LoadTimeWeaver setup: ignoring JPA class transformer
2024-06-18T20:14:05.595-05:00  INFO [ {traceId:-},  {spanId:-}, accounts, ] 9920 --- [accounts] [main] [                                                 ] o.h.e.t.j.p.i.JtaPlatformInitiator       : HHH000489: No JTA platform available (set 'hibernate.transaction.jta.platform' to enable JTA platform integration)
2024-06-18T20:14:05.750-05:00  INFO [ {traceId:-},  {spanId:-}, accounts, ] 9920 --- [accounts] [main] [                                                 ] j.LocalContainerEntityManagerFactoryBean : Initialized JPA EntityManagerFactory for persistence unit 'default'
2024-06-18T20:14:07.661-05:00  WARN [ {traceId:-},  {spanId:-}, accounts, ] 9920 --- [accounts] [main] [                                                 ] JpaBaseConfiguration$JpaWebConfiguration : spring.jpa.open-in-view is enabled by default. Therefore, database queries may be performed during view rendering. Explicitly configure spring.jpa.open-in-view to disable this warning
2024-06-18T20:14:08.567-05:00  INFO [ {traceId:-},  {spanId:-}, accounts, ] 9920 --- [accounts] [main] [                                                 ] o.s.c.openfeign.FeignClientFactoryBean   : For 'LOANS' URL not provided. Will try picking an instance via load-balancing.
2024-06-18T20:14:09.236-05:00  INFO [ {traceId:-},  {spanId:-}, accounts, ] 9920 --- [accounts] [main] [                                                 ] o.s.c.openfeign.FeignClientFactoryBean   : For 'CARDS' URL not provided. Will try picking an instance via load-balancing.
2024-06-18T20:14:13.493-05:00  INFO [ {traceId:-},  {spanId:-}, accounts, ] 9920 --- [accounts] [main] [                                                 ] DiscoveryClientOptionalArgsConfiguration : Eureka HTTP Client uses RestTemplate.
2024-06-18T20:14:13.690-05:00  WARN [ {traceId:-},  {spanId:-}, accounts, ] 9920 --- [accounts] [main] [                                                 ] iguration$LoadBalancerCaffeineWarnLogger : Spring Cloud LoadBalancer is currently working with the default cache. While this cache implementation is useful for development and tests, it's recommended to use Caffeine cache in production.You can switch to using Caffeine cache, by adding it and org.springframework.cache.caffeine.CaffeineCacheManager to the classpath.
2024-06-18T20:14:13.777-05:00  INFO [ {traceId:-},  {spanId:-}, accounts, ] 9920 --- [accounts] [main] [                                                 ] o.s.b.a.e.web.EndpointLinksResolver      : Exposing 26 endpoints beneath base path '/actuator'
2024-06-18T20:14:14.103-05:00  INFO [ {traceId:-},  {spanId:-}, accounts, ] 9920 --- [accounts] [main] [                                                 ] o.s.c.n.eureka.InstanceInfoFactory       : Setting initial instance status as: STARTING
2024-06-18T20:14:14.196-05:00  INFO [ {traceId:-},  {spanId:-}, accounts, ] 9920 --- [accounts] [main] [                                                 ] com.netflix.discovery.DiscoveryClient    : Initializing Eureka in region us-east-1
2024-06-18T20:14:14.209-05:00  INFO [ {traceId:-},  {spanId:-}, accounts, ] 9920 --- [accounts] [main] [                                                 ] c.n.d.s.r.aws.ConfigClusterResolver      : Resolving eureka endpoints via configuration
2024-06-18T20:14:14.262-05:00  INFO [ {traceId:-},  {spanId:-}, accounts, ] 9920 --- [accounts] [main] [                                                 ] com.netflix.discovery.DiscoveryClient    : Disable delta property : false
2024-06-18T20:14:14.262-05:00  INFO [ {traceId:-},  {spanId:-}, accounts, ] 9920 --- [accounts] [main] [                                                 ] com.netflix.discovery.DiscoveryClient    : Single vip registry refresh property : null
2024-06-18T20:14:14.263-05:00  INFO [ {traceId:-},  {spanId:-}, accounts, ] 9920 --- [accounts] [main] [                                                 ] com.netflix.discovery.DiscoveryClient    : Force full registry fetch : false
2024-06-18T20:14:14.263-05:00  INFO [ {traceId:-},  {spanId:-}, accounts, ] 9920 --- [accounts] [main] [                                                 ] com.netflix.discovery.DiscoveryClient    : Application is null : false
2024-06-18T20:14:14.264-05:00  INFO [ {traceId:-},  {spanId:-}, accounts, ] 9920 --- [accounts] [main] [                                                 ] com.netflix.discovery.DiscoveryClient    : Registered Applications size is zero : true
2024-06-18T20:14:14.264-05:00  INFO [ {traceId:-},  {spanId:-}, accounts, ] 9920 --- [accounts] [main] [                                                 ] com.netflix.discovery.DiscoveryClient    : Application version is -1: true
2024-06-18T20:14:14.264-05:00  INFO [ {traceId:-},  {spanId:-}, accounts, ] 9920 --- [accounts] [main] [                                                 ] com.netflix.discovery.DiscoveryClient    : Getting all instance registry info from the eureka server
2024-06-18T20:14:15.237-05:00  INFO [ {traceId:-},  {spanId:-}, accounts, ] 9920 --- [accounts] [main] [                                                 ] com.netflix.discovery.DiscoveryClient    : The response status is 200
2024-06-18T20:14:15.241-05:00  INFO [ {traceId:-},  {spanId:-}, accounts, ] 9920 --- [accounts] [main] [                                                 ] com.netflix.discovery.DiscoveryClient    : Starting heartbeat executor: renew interval is: 30
2024-06-18T20:14:15.248-05:00  INFO [ {traceId:-},  {spanId:-}, accounts, ] 9920 --- [accounts] [main] [                                                 ] c.n.discovery.InstanceInfoReplicator     : InstanceInfoReplicator onDemand update allowed rate per min is 4
2024-06-18T20:14:15.258-05:00  INFO [ {traceId:-},  {spanId:-}, accounts, ] 9920 --- [accounts] [main] [                                                 ] com.netflix.discovery.DiscoveryClient    : Discovery Client initialized at timestamp 1718759655256 with initial instances count: 0
2024-06-18T20:14:15.282-05:00  INFO [ {traceId:-},  {spanId:-}, accounts, ] 9920 --- [accounts] [main] [                                                 ] o.s.c.n.e.s.EurekaServiceRegistry        : Registering application ACCOUNTS with eureka with status UP
2024-06-18T20:14:15.285-05:00  INFO [ {traceId:-},  {spanId:-}, accounts, ] 9920 --- [accounts] [main] [                                                 ] com.netflix.discovery.DiscoveryClient    : Saw local status change event StatusChangeEvent [timestamp=1718759655285, current=UP, previous=STARTING]
2024-06-18T20:14:15.290-05:00  INFO [ {traceId:-},  {spanId:-}, accounts, ] 9920 --- [accounts] [DiscoveryClient-InstanceInfoReplicator-0] [                                                 ] com.netflix.discovery.DiscoveryClient    : DiscoveryClient_ACCOUNTS/host.docker.internal:accounts:9003: registering service...
2024-06-18T20:14:15.330-05:00  INFO [ {traceId:-},  {spanId:-}, accounts, ] 9920 --- [accounts] [main] [                                                 ] o.s.b.w.embedded.tomcat.TomcatWebServer  : Tomcat started on port 9003 (http) with context path '/'
2024-06-18T20:14:15.332-05:00  INFO [ {traceId:-},  {spanId:-}, accounts, ] 9920 --- [accounts] [main] [                                                 ] .s.c.n.e.s.EurekaAutoServiceRegistration : Updating port to 9003
2024-06-18T20:14:15.579-05:00  INFO [ {traceId:-},  {spanId:-}, accounts, ] 9920 --- [accounts] [DiscoveryClient-InstanceInfoReplicator-0] [                                                 ] com.netflix.discovery.DiscoveryClient    : DiscoveryClient_ACCOUNTS/host.docker.internal:accounts:9003 - registration status: 204
2024-06-18T20:14:15.829-05:00  INFO [ {traceId:-},  {spanId:-}, accounts, ] 9920 --- [accounts] [main] [                                                 ] c.l.accounts.AccountsApplication         : Started AccountsApplication in 25.952 seconds (process running for 27.471)
2024-06-18T20:14:16.063-05:00  INFO [ {traceId:-},  {spanId:-}, accounts, ] 9920 --- [accounts] [RMI TCP Connection(9)-127.0.0.1] [                                                 ] o.a.c.c.C.[Tomcat].[localhost].[/]       : Initializing Spring DispatcherServlet 'dispatcherServlet'
2024-06-18T20:14:16.063-05:00  INFO [ {traceId:-},  {spanId:-}, accounts, ] 9920 --- [accounts] [RMI TCP Connection(9)-127.0.0.1] [                                                 ] o.s.web.servlet.DispatcherServlet        : Initializing Servlet 'dispatcherServlet'
2024-06-18T20:14:16.069-05:00  INFO [ {traceId:-},  {spanId:-}, accounts, ] 9920 --- [accounts] [RMI TCP Connection(9)-127.0.0.1] [                                                 ] o.s.web.servlet.DispatcherServlet        : Completed initialization in 6 ms
2024-06-18T20:14:16.258-05:00  WARN [ {traceId:-},  {spanId:-}, accounts, ] 9920 --- [accounts] [AsyncReporter{ZipkinRestTemplateSender{http://localhost:9411/api/v2/spans}}] [                                                 ] z.r.i.AsyncReporter$BoundedAsyncReporter : Spans were dropped due to exceptions. All subsequent errors will be logged at FINE level.
2024-06-18T20:14:16.259-05:00  WARN [ {traceId:-},  {spanId:-}, accounts, ] 9920 --- [accounts] [AsyncReporter{ZipkinRestTemplateSender{http://localhost:9411/api/v2/spans}}] [                                                 ] z.r.i.AsyncReporter$BoundedAsyncReporter : Dropped 2 spans due to ResourceAccessException(I/O error on POST request for "http://localhost:9411/api/v2/spans": Connect to http://localhost:9411 [localhost/127.0.0.1, localhost/0:0:0:0:0:0:0:1] failed: Connection refused: getsockopt)

org.springframework.web.client.ResourceAccessException: I/O error on POST request for "http://localhost:9411/api/v2/spans": Connect to http://localhost:9411 [localhost/127.0.0.1, localhost/0:0:0:0:0:0:0:1] failed: Connection refused: getsockopt
	at org.springframework.web.client.RestTemplate.createResourceAccessException(RestTemplate.java:915) ~[spring-web-6.1.8.jar:6.1.8]
	at org.springframework.web.client.RestTemplate.doExecute(RestTemplate.java:895) ~[spring-web-6.1.8.jar:6.1.8]
	at org.springframework.web.client.RestTemplate.execute(RestTemplate.java:830) ~[spring-web-6.1.8.jar:6.1.8]
	at org.springframework.web.client.RestTemplate.exchange(RestTemplate.java:691) ~[spring-web-6.1.8.jar:6.1.8]
	at org.springframework.boot.actuate.autoconfigure.tracing.zipkin.ZipkinRestTemplateSender.postSpans(ZipkinRestTemplateSender.java:49) ~[spring-boot-actuator-autoconfigure-3.3.0.jar:3.3.0]
	at org.springframework.boot.actuate.autoconfigure.tracing.zipkin.HttpSender.postSpans(HttpSender.java:68) ~[spring-boot-actuator-autoconfigure-3.3.0.jar:3.3.0]
	at org.springframework.boot.actuate.autoconfigure.tracing.zipkin.HttpSender.postSpans(HttpSender.java:40) ~[spring-boot-actuator-autoconfigure-3.3.0.jar:3.3.0]
	at zipkin2.reporter.BaseHttpSender.send(BaseHttpSender.java:123) ~[zipkin-reporter-3.4.0.jar:na]
	at zipkin2.reporter.internal.AsyncReporter$BoundedAsyncReporter.flush(AsyncReporter.java:266) ~[zipkin-reporter-3.4.0.jar:na]
	at zipkin2.reporter.internal.AsyncReporter$Flusher.run(AsyncReporter.java:352) ~[zipkin-reporter-3.4.0.jar:na]
	at java.base/java.lang.Thread.run(Thread.java:840) ~[na:na]
Caused by: org.apache.hc.client5.http.HttpHostConnectException: Connect to http://localhost:9411 [localhost/127.0.0.1, localhost/0:0:0:0:0:0:0:1] failed: Connection refused: getsockopt
	at java.base/sun.nio.ch.Net.pollConnect(Native Method) ~[na:na]
	at java.base/sun.nio.ch.Net.pollConnectNow(Net.java:672) ~[na:na]
	at java.base/sun.nio.ch.NioSocketImpl.timedFinishConnect(NioSocketImpl.java:547) ~[na:na]
	at java.base/sun.nio.ch.NioSocketImpl.connect(NioSocketImpl.java:602) ~[na:na]
	at java.base/java.net.SocksSocketImpl.connect(SocksSocketImpl.java:327) ~[na:na]
	at java.base/java.net.Socket.connect(Socket.java:633) ~[na:na]
	at org.apache.hc.client5.http.socket.PlainConnectionSocketFactory.lambda$connectSocket$0(PlainConnectionSocketFactory.java:91) ~[httpclient5-5.3.1.jar:5.3.1]
	at java.base/java.security.AccessController.doPrivileged(AccessController.java:569) ~[na:na]
	at org.apache.hc.client5.http.socket.PlainConnectionSocketFactory.connectSocket(PlainConnectionSocketFactory.java:90) ~[httpclient5-5.3.1.jar:5.3.1]
	at org.apache.hc.client5.http.socket.ConnectionSocketFactory.connectSocket(ConnectionSocketFactory.java:123) ~[httpclient5-5.3.1.jar:5.3.1]
	at org.apache.hc.client5.http.impl.io.DefaultHttpClientConnectionOperator.connect(DefaultHttpClientConnectionOperator.java:189) ~[httpclient5-5.3.1.jar:5.3.1]
	at org.apache.hc.client5.http.impl.io.PoolingHttpClientConnectionManager.connect(PoolingHttpClientConnectionManager.java:450) ~[httpclient5-5.3.1.jar:5.3.1]
	at org.apache.hc.client5.http.impl.classic.InternalExecRuntime.connectEndpoint(InternalExecRuntime.java:162) ~[httpclient5-5.3.1.jar:5.3.1]
	at org.apache.hc.client5.http.impl.classic.InternalExecRuntime.connectEndpoint(InternalExecRuntime.java:172) ~[httpclient5-5.3.1.jar:5.3.1]
	at org.apache.hc.client5.http.impl.classic.ConnectExec.execute(ConnectExec.java:142) ~[httpclient5-5.3.1.jar:5.3.1]
	at org.apache.hc.client5.http.impl.classic.ExecChainElement.execute(ExecChainElement.java:51) ~[httpclient5-5.3.1.jar:5.3.1]
	at org.apache.hc.client5.http.impl.classic.ProtocolExec.execute(ProtocolExec.java:192) ~[httpclient5-5.3.1.jar:5.3.1]
	at org.apache.hc.client5.http.impl.classic.ExecChainElement.execute(ExecChainElement.java:51) ~[httpclient5-5.3.1.jar:5.3.1]
	at org.apache.hc.client5.http.impl.classic.HttpRequestRetryExec.execute(HttpRequestRetryExec.java:113) ~[httpclient5-5.3.1.jar:5.3.1]
	at org.apache.hc.client5.http.impl.classic.ExecChainElement.execute(ExecChainElement.java:51) ~[httpclient5-5.3.1.jar:5.3.1]
	at org.apache.hc.client5.http.impl.classic.ContentCompressionExec.execute(ContentCompressionExec.java:152) ~[httpclient5-5.3.1.jar:5.3.1]
	at org.apache.hc.client5.http.impl.classic.ExecChainElement.execute(ExecChainElement.java:51) ~[httpclient5-5.3.1.jar:5.3.1]
	at org.apache.hc.client5.http.impl.classic.RedirectExec.execute(RedirectExec.java:116) ~[httpclient5-5.3.1.jar:5.3.1]
	at org.apache.hc.client5.http.impl.classic.ExecChainElement.execute(ExecChainElement.java:51) ~[httpclient5-5.3.1.jar:5.3.1]
	at org.apache.hc.client5.http.impl.classic.InternalHttpClient.doExecute(InternalHttpClient.java:170) ~[httpclient5-5.3.1.jar:5.3.1]
	at org.apache.hc.client5.http.impl.classic.CloseableHttpClient.execute(CloseableHttpClient.java:87) ~[httpclient5-5.3.1.jar:5.3.1]
	at org.apache.hc.client5.http.impl.classic.CloseableHttpClient.execute(CloseableHttpClient.java:55) ~[httpclient5-5.3.1.jar:5.3.1]
	at org.apache.hc.client5.http.classic.HttpClient.executeOpen(HttpClient.java:183) ~[httpclient5-5.3.1.jar:5.3.1]
	at org.springframework.http.client.HttpComponentsClientHttpRequest.executeInternal(HttpComponentsClientHttpRequest.java:99) ~[spring-web-6.1.8.jar:6.1.8]
	at org.springframework.http.client.AbstractStreamingClientHttpRequest.executeInternal(AbstractStreamingClientHttpRequest.java:70) ~[spring-web-6.1.8.jar:6.1.8]
	at org.springframework.http.client.AbstractClientHttpRequest.execute(AbstractClientHttpRequest.java:66) ~[spring-web-6.1.8.jar:6.1.8]
	at org.springframework.web.client.RestTemplate.doExecute(RestTemplate.java:889) ~[spring-web-6.1.8.jar:6.1.8]
	... 9 common frames omitted

2024-06-18T20:14:45.249-05:00  INFO [ {traceId:-},  {spanId:-}, accounts, ] 9920 --- [accounts] [DiscoveryClient-CacheRefreshExecutor-0] [                                                 ] com.netflix.discovery.DiscoveryClient    : Disable delta property : false
2024-06-18T20:14:45.249-05:00  INFO [ {traceId:-},  {spanId:-}, accounts, ] 9920 --- [accounts] [DiscoveryClient-CacheRefreshExecutor-0] [                                                 ] com.netflix.discovery.DiscoveryClient    : Single vip registry refresh property : null
2024-06-18T20:14:45.249-05:00  INFO [ {traceId:-},  {spanId:-}, accounts, ] 9920 --- [accounts] [DiscoveryClient-CacheRefreshExecutor-0] [                                                 ] com.netflix.discovery.DiscoveryClient    : Force full registry fetch : false
2024-06-18T20:14:45.249-05:00  INFO [ {traceId:-},  {spanId:-}, accounts, ] 9920 --- [accounts] [DiscoveryClient-CacheRefreshExecutor-0] [                                                 ] com.netflix.discovery.DiscoveryClient    : Application is null : false
2024-06-18T20:14:45.249-05:00  INFO [ {traceId:-},  {spanId:-}, accounts, ] 9920 --- [accounts] [DiscoveryClient-CacheRefreshExecutor-0] [                                                 ] com.netflix.discovery.DiscoveryClient    : Registered Applications size is zero : true
2024-06-18T20:14:45.249-05:00  INFO [ {traceId:-},  {spanId:-}, accounts, ] 9920 --- [accounts] [DiscoveryClient-CacheRefreshExecutor-0] [                                                 ] com.netflix.discovery.DiscoveryClient    : Application version is -1: false
2024-06-18T20:14:45.249-05:00  INFO [ {traceId:-},  {spanId:-}, accounts, ] 9920 --- [accounts] [DiscoveryClient-CacheRefreshExecutor-0] [                                                 ] com.netflix.discovery.DiscoveryClient    : Getting all instance registry info from the eureka server
2024-06-18T20:14:45.285-05:00  INFO [ {traceId:-},  {spanId:-}, accounts, ] 9920 --- [accounts] [DiscoveryClient-CacheRefreshExecutor-0] [                                                 ] com.netflix.discovery.DiscoveryClient    : The response status is 200
2024-06-18T20:19:14.271-05:00  INFO [ {traceId:-},  {spanId:-}, accounts, ] 9920 --- [accounts] [AsyncResolver-bootstrap-executor-0] [                                                 ] c.n.d.s.r.aws.ConfigClusterResolver      : Resolving eureka endpoints via configuration
2024-06-18T20:24:00.866-05:00  INFO [ {traceId:-},  {spanId:-}, accounts, ] 9920 --- [accounts] [RMI TCP Connection(21)-127.0.0.1] [                                                 ] inMXBeanRegistrar$SpringApplicationAdmin : Application shutdown requested.
2024-06-18T20:24:00.869-05:00  INFO [ {traceId:-},  {spanId:-}, accounts, ] 9920 --- [accounts] [RMI TCP Connection(21)-127.0.0.1] [                                                 ] o.s.c.n.e.s.EurekaServiceRegistry        : Unregistering application ACCOUNTS with eureka with status DOWN
2024-06-18T20:24:00.869-05:00  INFO [ {traceId:-},  {spanId:-}, accounts, ] 9920 --- [accounts] [RMI TCP Connection(21)-127.0.0.1] [                                                 ] com.netflix.discovery.DiscoveryClient    : Saw local status change event StatusChangeEvent [timestamp=1718760240869, current=DOWN, previous=UP]
2024-06-18T20:24:00.869-05:00  INFO [ {traceId:-},  {spanId:-}, accounts, ] 9920 --- [accounts] [DiscoveryClient-InstanceInfoReplicator-0] [                                                 ] com.netflix.discovery.DiscoveryClient    : DiscoveryClient_ACCOUNTS/host.docker.internal:accounts:9003: registering service...
2024-06-18T20:24:00.881-05:00  INFO [ {traceId:-},  {spanId:-}, accounts, ] 9920 --- [accounts] [DiscoveryClient-InstanceInfoReplicator-0] [                                                 ] com.netflix.discovery.DiscoveryClient    : DiscoveryClient_ACCOUNTS/host.docker.internal:accounts:9003 - registration status: 204
2024-06-18T20:24:00.911-05:00  INFO [ {traceId:-},  {spanId:-}, accounts, ] 9920 --- [accounts] [RMI TCP Connection(21)-127.0.0.1] [                                                 ] j.LocalContainerEntityManagerFactoryBean : Closing JPA EntityManagerFactory for persistence unit 'default'
2024-06-18T20:24:00.917-05:00  INFO [ {traceId:-},  {spanId:-}, accounts, ] 9920 --- [accounts] [RMI TCP Connection(21)-127.0.0.1] [                                                 ] com.zaxxer.hikari.HikariDataSource       : HikariPool-1 - Shutdown initiated...
2024-06-18T20:24:00.925-05:00  INFO [ {traceId:-},  {spanId:-}, accounts, ] 9920 --- [accounts] [RMI TCP Connection(21)-127.0.0.1] [                                                 ] com.zaxxer.hikari.HikariDataSource       : HikariPool-1 - Shutdown completed.
2024-06-18T20:24:01.148-05:00  INFO [ {traceId:-},  {spanId:-}, accounts, ] 9920 --- [accounts] [RMI TCP Connection(21)-127.0.0.1] [                                                 ] com.netflix.discovery.DiscoveryClient    : Shutting down DiscoveryClient ...
2024-06-18T20:24:04.151-05:00  INFO [ {traceId:-},  {spanId:-}, accounts, ] 9920 --- [accounts] [RMI TCP Connection(21)-127.0.0.1] [                                                 ] com.netflix.discovery.DiscoveryClient    : Unregistering ...
2024-06-18T20:24:04.160-05:00  INFO [ {traceId:-},  {spanId:-}, accounts, ] 9920 --- [accounts] [RMI TCP Connection(21)-127.0.0.1] [                                                 ] com.netflix.discovery.DiscoveryClient    : DiscoveryClient_ACCOUNTS/host.docker.internal:accounts:9003 - deregister  status: 200
2024-06-18T20:24:04.169-05:00  INFO [ {traceId:-},  {spanId:-}, accounts, ] 9920 --- [accounts] [RMI TCP Connection(21)-127.0.0.1] [                                                 ] com.netflix.discovery.DiscoveryClient    : Completed shut down of DiscoveryClient
2024-06-18T20:24:08.690-05:00  INFO [ {traceId:-},  {spanId:-}, accounts, ] 9344 --- [accounts] [main] [                                                 ] c.l.accounts.AccountsApplication         : Starting AccountsApplication using Java 17.0.11 with PID 9344 (D:\34-microservices\accounts\target\classes started by golla in D:\34-microservices\accounts)
2024-06-18T20:24:08.697-05:00  INFO [ {traceId:-},  {spanId:-}, accounts, ] 9344 --- [accounts] [main] [                                                 ] c.l.accounts.AccountsApplication         : No active profile set, falling back to 1 default profile: "default"
2024-06-18T20:24:44.941-05:00  INFO [ {traceId:-},  {spanId:-}, accounts, ] 27872 --- [accounts] [main] [                                                 ] c.l.accounts.AccountsApplication         : Starting AccountsApplication using Java 17.0.11 with PID 27872 (D:\34-microservices\accounts\target\classes started by golla in D:\34-microservices\accounts)
2024-06-18T20:24:44.946-05:00  INFO [ {traceId:-},  {spanId:-}, accounts, ] 27872 --- [accounts] [main] [                                                 ] c.l.accounts.AccountsApplication         : No active profile set, falling back to 1 default profile: "default"
2024-06-18T20:24:47.048-05:00  INFO [ {traceId:-},  {spanId:-}, accounts, ] 27872 --- [accounts] [main] [                                                 ] .s.d.r.c.RepositoryConfigurationDelegate : Bootstrapping Spring Data JPA repositories in DEFAULT mode.
2024-06-18T20:24:47.347-05:00  INFO [ {traceId:-},  {spanId:-}, accounts, ] 27872 --- [accounts] [main] [                                                 ] .s.d.r.c.RepositoryConfigurationDelegate : Finished Spring Data repository scanning in 285 ms. Found 2 JPA repository interfaces.
2024-06-18T20:24:48.063-05:00  INFO [ {traceId:-},  {spanId:-}, accounts, ] 27872 --- [accounts] [main] [                                                 ] o.s.cloud.context.scope.GenericScope     : BeanFactory id=a8e4c524-1bf4-30f4-a0ca-92c5d4dc8f4f
2024-06-18T20:24:49.047-05:00  WARN [ {traceId:-},  {spanId:-}, accounts, ] 27872 --- [accounts] [main] [                                                 ] trationDelegate$BeanPostProcessorChecker : Bean 'org.springframework.cloud.client.loadbalancer.LoadBalancerAutoConfiguration$DeferringLoadBalancerInterceptorConfig' of type [org.springframework.cloud.client.loadbalancer.LoadBalancerAutoConfiguration$DeferringLoadBalancerInterceptorConfig] is not eligible for getting processed by all BeanPostProcessors (for example: not eligible for auto-proxying). The currently created BeanPostProcessor [lbRestClientPostProcessor] is declared through a non-static factory method on that class; consider declaring it as static instead.
2024-06-18T20:24:49.061-05:00  WARN [ {traceId:-},  {spanId:-}, accounts, ] 27872 --- [accounts] [main] [                                                 ] trationDelegate$BeanPostProcessorChecker : Bean 'deferringLoadBalancerInterceptor' of type [org.springframework.cloud.client.loadbalancer.DeferringLoadBalancerInterceptor] is not eligible for getting processed by all BeanPostProcessors (for example: not eligible for auto-proxying). Is this bean getting eagerly injected into a currently created BeanPostProcessor [lbRestClientPostProcessor]? Check the corresponding BeanPostProcessor declaration and its dependencies.
2024-06-18T20:24:49.778-05:00  INFO [ {traceId:-},  {spanId:-}, accounts, ] 27872 --- [accounts] [main] [                                                 ] o.s.b.w.embedded.tomcat.TomcatWebServer  : Tomcat initialized with port 9003 (http)
2024-06-18T20:24:49.799-05:00  INFO [ {traceId:-},  {spanId:-}, accounts, ] 27872 --- [accounts] [main] [                                                 ] o.apache.catalina.core.StandardService   : Starting service [Tomcat]
2024-06-18T20:24:49.800-05:00  INFO [ {traceId:-},  {spanId:-}, accounts, ] 27872 --- [accounts] [main] [                                                 ] o.apache.catalina.core.StandardEngine    : Starting Servlet engine: [Apache Tomcat/10.1.24]
2024-06-18T20:24:50.009-05:00  INFO [ {traceId:-},  {spanId:-}, accounts, ] 27872 --- [accounts] [main] [                                                 ] o.a.c.c.C.[Tomcat].[localhost].[/]       : Initializing Spring embedded WebApplicationContext
2024-06-18T20:24:50.010-05:00  INFO [ {traceId:-},  {spanId:-}, accounts, ] 27872 --- [accounts] [main] [                                                 ] w.s.c.ServletWebServerApplicationContext : Root WebApplicationContext: initialization completed in 4976 ms
2024-06-18T20:24:51.118-05:00  INFO [ {traceId:-},  {spanId:-}, accounts, ] 27872 --- [accounts] [main] [                                                 ] com.zaxxer.hikari.HikariDataSource       : HikariPool-1 - Starting...
2024-06-18T20:24:51.573-05:00  INFO [ {traceId:-},  {spanId:-}, accounts, ] 27872 --- [accounts] [main] [                                                 ] com.zaxxer.hikari.pool.HikariPool        : HikariPool-1 - Added connection conn0: url=jdbc:h2:mem:accountsdb user=ADMIN
2024-06-18T20:24:51.577-05:00  INFO [ {traceId:-},  {spanId:-}, accounts, ] 27872 --- [accounts] [main] [                                                 ] com.zaxxer.hikari.HikariDataSource       : HikariPool-1 - Start completed.
2024-06-18T20:24:51.608-05:00  INFO [ {traceId:-},  {spanId:-}, accounts, ] 27872 --- [accounts] [main] [                                                 ] o.s.b.a.h2.H2ConsoleAutoConfiguration    : H2 console available at '/h2-console'. Database available at 'jdbc:h2:mem:accountsdb'
2024-06-18T20:24:52.285-05:00  INFO [ {traceId:-},  {spanId:-}, accounts, ] 27872 --- [accounts] [main] [                                                 ] o.hibernate.jpa.internal.util.LogHelper  : HHH000204: Processing PersistenceUnitInfo [name: default]
2024-06-18T20:24:52.447-05:00  INFO [ {traceId:-},  {spanId:-}, accounts, ] 27872 --- [accounts] [main] [                                                 ] org.hibernate.Version                    : HHH000412: Hibernate ORM core version 6.5.2.Final
2024-06-18T20:24:52.524-05:00  INFO [ {traceId:-},  {spanId:-}, accounts, ] 27872 --- [accounts] [main] [                                                 ] o.h.c.internal.RegionFactoryInitiator    : HHH000026: Second-level cache disabled
2024-06-18T20:24:53.104-05:00  INFO [ {traceId:-},  {spanId:-}, accounts, ] 27872 --- [accounts] [main] [                                                 ] o.s.o.j.p.SpringPersistenceUnitInfo      : No LoadTimeWeaver setup: ignoring JPA class transformer
2024-06-18T20:24:54.868-05:00  INFO [ {traceId:-},  {spanId:-}, accounts, ] 27872 --- [accounts] [main] [                                                 ] o.h.e.t.j.p.i.JtaPlatformInitiator       : HHH000489: No JTA platform available (set 'hibernate.transaction.jta.platform' to enable JTA platform integration)
2024-06-18T20:24:55.009-05:00  INFO [ {traceId:-},  {spanId:-}, accounts, ] 27872 --- [accounts] [main] [                                                 ] j.LocalContainerEntityManagerFactoryBean : Initialized JPA EntityManagerFactory for persistence unit 'default'
2024-06-18T20:24:56.313-05:00  WARN [ {traceId:-},  {spanId:-}, accounts, ] 27872 --- [accounts] [main] [                                                 ] JpaBaseConfiguration$JpaWebConfiguration : spring.jpa.open-in-view is enabled by default. Therefore, database queries may be performed during view rendering. Explicitly configure spring.jpa.open-in-view to disable this warning
2024-06-18T20:24:56.994-05:00  INFO [ {traceId:-},  {spanId:-}, accounts, ] 27872 --- [accounts] [main] [                                                 ] o.s.c.openfeign.FeignClientFactoryBean   : For 'LOANS' URL not provided. Will try picking an instance via load-balancing.
2024-06-18T20:24:57.458-05:00  INFO [ {traceId:-},  {spanId:-}, accounts, ] 27872 --- [accounts] [main] [                                                 ] o.s.c.openfeign.FeignClientFactoryBean   : For 'CARDS' URL not provided. Will try picking an instance via load-balancing.
2024-06-18T20:25:00.868-05:00  INFO [ {traceId:-},  {spanId:-}, accounts, ] 27872 --- [accounts] [main] [                                                 ] DiscoveryClientOptionalArgsConfiguration : Eureka HTTP Client uses RestTemplate.
2024-06-18T20:25:00.993-05:00  WARN [ {traceId:-},  {spanId:-}, accounts, ] 27872 --- [accounts] [main] [                                                 ] iguration$LoadBalancerCaffeineWarnLogger : Spring Cloud LoadBalancer is currently working with the default cache. While this cache implementation is useful for development and tests, it's recommended to use Caffeine cache in production.You can switch to using Caffeine cache, by adding it and org.springframework.cache.caffeine.CaffeineCacheManager to the classpath.
2024-06-18T20:25:01.046-05:00  INFO [ {traceId:-},  {spanId:-}, accounts, ] 27872 --- [accounts] [main] [                                                 ] o.s.b.a.e.web.EndpointLinksResolver      : Exposing 26 endpoints beneath base path '/actuator'
2024-06-18T20:25:01.298-05:00  INFO [ {traceId:-},  {spanId:-}, accounts, ] 27872 --- [accounts] [main] [                                                 ] o.s.c.n.eureka.InstanceInfoFactory       : Setting initial instance status as: STARTING
2024-06-18T20:25:01.402-05:00  INFO [ {traceId:-},  {spanId:-}, accounts, ] 27872 --- [accounts] [main] [                                                 ] com.netflix.discovery.DiscoveryClient    : Initializing Eureka in region us-east-1
2024-06-18T20:25:01.410-05:00  INFO [ {traceId:-},  {spanId:-}, accounts, ] 27872 --- [accounts] [main] [                                                 ] c.n.d.s.r.aws.ConfigClusterResolver      : Resolving eureka endpoints via configuration
2024-06-18T20:25:01.454-05:00  INFO [ {traceId:-},  {spanId:-}, accounts, ] 27872 --- [accounts] [main] [                                                 ] com.netflix.discovery.DiscoveryClient    : Disable delta property : false
2024-06-18T20:25:01.455-05:00  INFO [ {traceId:-},  {spanId:-}, accounts, ] 27872 --- [accounts] [main] [                                                 ] com.netflix.discovery.DiscoveryClient    : Single vip registry refresh property : null
2024-06-18T20:25:01.456-05:00  INFO [ {traceId:-},  {spanId:-}, accounts, ] 27872 --- [accounts] [main] [                                                 ] com.netflix.discovery.DiscoveryClient    : Force full registry fetch : false
2024-06-18T20:25:01.456-05:00  INFO [ {traceId:-},  {spanId:-}, accounts, ] 27872 --- [accounts] [main] [                                                 ] com.netflix.discovery.DiscoveryClient    : Application is null : false
2024-06-18T20:25:01.457-05:00  INFO [ {traceId:-},  {spanId:-}, accounts, ] 27872 --- [accounts] [main] [                                                 ] com.netflix.discovery.DiscoveryClient    : Registered Applications size is zero : true
2024-06-18T20:25:01.457-05:00  INFO [ {traceId:-},  {spanId:-}, accounts, ] 27872 --- [accounts] [main] [                                                 ] com.netflix.discovery.DiscoveryClient    : Application version is -1: true
2024-06-18T20:25:01.457-05:00  INFO [ {traceId:-},  {spanId:-}, accounts, ] 27872 --- [accounts] [main] [                                                 ] com.netflix.discovery.DiscoveryClient    : Getting all instance registry info from the eureka server
2024-06-18T20:25:02.170-05:00  INFO [ {traceId:-},  {spanId:-}, accounts, ] 27872 --- [accounts] [main] [                                                 ] com.netflix.discovery.DiscoveryClient    : The response status is 200
2024-06-18T20:25:02.174-05:00  INFO [ {traceId:-},  {spanId:-}, accounts, ] 27872 --- [accounts] [main] [                                                 ] com.netflix.discovery.DiscoveryClient    : Starting heartbeat executor: renew interval is: 30
2024-06-18T20:25:02.178-05:00  INFO [ {traceId:-},  {spanId:-}, accounts, ] 27872 --- [accounts] [main] [                                                 ] c.n.discovery.InstanceInfoReplicator     : InstanceInfoReplicator onDemand update allowed rate per min is 4
2024-06-18T20:25:02.188-05:00  INFO [ {traceId:-},  {spanId:-}, accounts, ] 27872 --- [accounts] [main] [                                                 ] com.netflix.discovery.DiscoveryClient    : Discovery Client initialized at timestamp 1718760302187 with initial instances count: 0
2024-06-18T20:25:02.215-05:00  INFO [ {traceId:-},  {spanId:-}, accounts, ] 27872 --- [accounts] [main] [                                                 ] o.s.c.n.e.s.EurekaServiceRegistry        : Registering application ACCOUNTS with eureka with status UP
2024-06-18T20:25:02.217-05:00  INFO [ {traceId:-},  {spanId:-}, accounts, ] 27872 --- [accounts] [main] [                                                 ] com.netflix.discovery.DiscoveryClient    : Saw local status change event StatusChangeEvent [timestamp=1718760302217, current=UP, previous=STARTING]
2024-06-18T20:25:02.221-05:00  INFO [ {traceId:-},  {spanId:-}, accounts, ] 27872 --- [accounts] [DiscoveryClient-InstanceInfoReplicator-0] [                                                 ] com.netflix.discovery.DiscoveryClient    : DiscoveryClient_ACCOUNTS/host.docker.internal:accounts:9003: registering service...
2024-06-18T20:25:02.269-05:00  INFO [ {traceId:-},  {spanId:-}, accounts, ] 27872 --- [accounts] [main] [                                                 ] o.s.b.w.embedded.tomcat.TomcatWebServer  : Tomcat started on port 9003 (http) with context path '/'
2024-06-18T20:25:02.271-05:00  INFO [ {traceId:-},  {spanId:-}, accounts, ] 27872 --- [accounts] [main] [                                                 ] .s.c.n.e.s.EurekaAutoServiceRegistration : Updating port to 9003
2024-06-18T20:25:02.418-05:00  INFO [ {traceId:-},  {spanId:-}, accounts, ] 27872 --- [accounts] [DiscoveryClient-InstanceInfoReplicator-0] [                                                 ] com.netflix.discovery.DiscoveryClient    : DiscoveryClient_ACCOUNTS/host.docker.internal:accounts:9003 - registration status: 204
2024-06-18T20:25:02.690-05:00  INFO [ {traceId:-},  {spanId:-}, accounts, ] 27872 --- [accounts] [main] [                                                 ] c.l.accounts.AccountsApplication         : Started AccountsApplication in 18.882 seconds (process running for 20.073)
2024-06-18T20:25:02.994-05:00  INFO [ {traceId:-},  {spanId:-}, accounts, ] 27872 --- [accounts] [RMI TCP Connection(8)-127.0.0.1] [                                                 ] o.a.c.c.C.[Tomcat].[localhost].[/]       : Initializing Spring DispatcherServlet 'dispatcherServlet'
2024-06-18T20:25:02.995-05:00  INFO [ {traceId:-},  {spanId:-}, accounts, ] 27872 --- [accounts] [RMI TCP Connection(8)-127.0.0.1] [                                                 ] o.s.web.servlet.DispatcherServlet        : Initializing Servlet 'dispatcherServlet'
2024-06-18T20:25:03.000-05:00  INFO [ {traceId:-},  {spanId:-}, accounts, ] 27872 --- [accounts] [RMI TCP Connection(8)-127.0.0.1] [                                                 ] o.s.web.servlet.DispatcherServlet        : Completed initialization in 5 ms
2024-06-18T20:25:32.180-05:00  INFO [ {traceId:-},  {spanId:-}, accounts, ] 27872 --- [accounts] [DiscoveryClient-CacheRefreshExecutor-0] [                                                 ] com.netflix.discovery.DiscoveryClient    : Disable delta property : false
2024-06-18T20:25:32.180-05:00  INFO [ {traceId:-},  {spanId:-}, accounts, ] 27872 --- [accounts] [DiscoveryClient-CacheRefreshExecutor-0] [                                                 ] com.netflix.discovery.DiscoveryClient    : Single vip registry refresh property : null
2024-06-18T20:25:32.181-05:00  INFO [ {traceId:-},  {spanId:-}, accounts, ] 27872 --- [accounts] [DiscoveryClient-CacheRefreshExecutor-0] [                                                 ] com.netflix.discovery.DiscoveryClient    : Force full registry fetch : false
2024-06-18T20:25:32.181-05:00  INFO [ {traceId:-},  {spanId:-}, accounts, ] 27872 --- [accounts] [DiscoveryClient-CacheRefreshExecutor-0] [                                                 ] com.netflix.discovery.DiscoveryClient    : Application is null : false
2024-06-18T20:25:32.181-05:00  INFO [ {traceId:-},  {spanId:-}, accounts, ] 27872 --- [accounts] [DiscoveryClient-CacheRefreshExecutor-0] [                                                 ] com.netflix.discovery.DiscoveryClient    : Registered Applications size is zero : true
2024-06-18T20:25:32.181-05:00  INFO [ {traceId:-},  {spanId:-}, accounts, ] 27872 --- [accounts] [DiscoveryClient-CacheRefreshExecutor-0] [                                                 ] com.netflix.discovery.DiscoveryClient    : Application version is -1: false
2024-06-18T20:25:32.181-05:00  INFO [ {traceId:-},  {spanId:-}, accounts, ] 27872 --- [accounts] [DiscoveryClient-CacheRefreshExecutor-0] [                                                 ] com.netflix.discovery.DiscoveryClient    : Getting all instance registry info from the eureka server
2024-06-18T20:25:32.215-05:00  INFO [ {traceId:-},  {spanId:-}, accounts, ] 27872 --- [accounts] [DiscoveryClient-CacheRefreshExecutor-0] [                                                 ] com.netflix.discovery.DiscoveryClient    : The response status is 200
2024-06-18T20:30:01.461-05:00  INFO [ {traceId:-},  {spanId:-}, accounts, ] 27872 --- [accounts] [AsyncResolver-bootstrap-executor-0] [                                                 ] c.n.d.s.r.aws.ConfigClusterResolver      : Resolving eureka endpoints via configuration
2024-06-18T20:35:01.474-05:00  INFO [ {traceId:-},  {spanId:-}, accounts, ] 27872 --- [accounts] [AsyncResolver-bootstrap-executor-0] [                                                 ] c.n.d.s.r.aws.ConfigClusterResolver      : Resolving eureka endpoints via configuration
2024-06-18T20:40:01.491-05:00  INFO [ {traceId:-},  {spanId:-}, accounts, ] 27872 --- [accounts] [AsyncResolver-bootstrap-executor-0] [                                                 ] c.n.d.s.r.aws.ConfigClusterResolver      : Resolving eureka endpoints via configuration
2024-06-18T20:42:35.689-05:00  INFO [traceId=6672378b9d43f4669617f6a641d37cc7, spanId=84ede5818d061c8e {traceId:-}, traceId=6672378b9d43f4669617f6a641d37cc7, spanId=84ede5818d061c8e {spanId:-}, accounts, ] 27872 --- [accounts] [http-nio-9003-exec-2] [6672378b9d43f4669617f6a641d37cc7-84ede5818d061c8e] c.l.a.controllers.AccountController      : AccountController :: createAccount
2024-06-18T20:42:35.690-05:00  INFO [traceId=6672378b9d43f4669617f6a641d37cc7, spanId=84ede5818d061c8e {traceId:-}, traceId=6672378b9d43f4669617f6a641d37cc7, spanId=84ede5818d061c8e {spanId:-}, accounts, ] 27872 --- [accounts] [http-nio-9003-exec-2] [6672378b9d43f4669617f6a641d37cc7-84ede5818d061c8e] c.l.a.services.impl.AccountServiceImpl   : AccountServiceImpl :: createAccount
2024-06-18T20:42:35.983-05:00  INFO [traceId=6672378b9d43f4669617f6a641d37cc7, spanId=84ede5818d061c8e {traceId:-}, traceId=6672378b9d43f4669617f6a641d37cc7, spanId=84ede5818d061c8e {spanId:-}, accounts, ] 27872 --- [accounts] [http-nio-9003-exec-2] [6672378b9d43f4669617f6a641d37cc7-84ede5818d061c8e] c.l.a.services.impl.AccountServiceImpl   : AccountServiceImpl :: createAccount - customer successfully created
2024-06-18T20:42:36.002-05:00  INFO [traceId=6672378b9d43f4669617f6a641d37cc7, spanId=84ede5818d061c8e {traceId:-}, traceId=6672378b9d43f4669617f6a641d37cc7, spanId=84ede5818d061c8e {spanId:-}, accounts, ] 27872 --- [accounts] [http-nio-9003-exec-2] [6672378b9d43f4669617f6a641d37cc7-84ede5818d061c8e] c.l.a.services.impl.AccountServiceImpl   : AccountServiceImpl :: createAccount - Account saved to DB
2024-06-18T20:42:36.003-05:00  INFO [traceId=6672378b9d43f4669617f6a641d37cc7, spanId=84ede5818d061c8e {traceId:-}, traceId=6672378b9d43f4669617f6a641d37cc7, spanId=84ede5818d061c8e {spanId:-}, accounts, ] 27872 --- [accounts] [http-nio-9003-exec-2] [6672378b9d43f4669617f6a641d37cc7-84ede5818d061c8e] c.l.a.controllers.AccountController      : AccountController : Account Created Successfully
2024-06-18T20:45:01.501-05:00  INFO [ {traceId:-},  {spanId:-}, accounts, ] 27872 --- [accounts] [AsyncResolver-bootstrap-executor-0] [                                                 ] c.n.d.s.r.aws.ConfigClusterResolver      : Resolving eureka endpoints via configuration
2024-06-18T20:50:01.502-05:00  INFO [ {traceId:-},  {spanId:-}, accounts, ] 27872 --- [accounts] [AsyncResolver-bootstrap-executor-0] [                                                 ] c.n.d.s.r.aws.ConfigClusterResolver      : Resolving eureka endpoints via configuration
2024-06-18T20:55:01.518-05:00  INFO [ {traceId:-},  {spanId:-}, accounts, ] 27872 --- [accounts] [AsyncResolver-bootstrap-executor-0] [                                                 ] c.n.d.s.r.aws.ConfigClusterResolver      : Resolving eureka endpoints via configuration
2024-06-18T20:55:59.744-05:00  INFO [traceId=66723aaf83aadbfad2eafe9ac2be275a, spanId=d4d9d560df67bea6 {traceId:-}, traceId=66723aaf83aadbfad2eafe9ac2be275a, spanId=d4d9d560df67bea6 {spanId:-}, accounts, ] 27872 --- [accounts] [http-nio-9003-exec-6] [66723aaf83aadbfad2eafe9ac2be275a-d4d9d560df67bea6] c.l.a.controllers.CustomerController     : CustomerController :: fetchCustomerDetails
2024-06-18T20:55:59.744-05:00  INFO [traceId=66723aaf83aadbfad2eafe9ac2be275a, spanId=d4d9d560df67bea6 {traceId:-}, traceId=66723aaf83aadbfad2eafe9ac2be275a, spanId=d4d9d560df67bea6 {spanId:-}, accounts, ] 27872 --- [accounts] [http-nio-9003-exec-6] [66723aaf83aadbfad2eafe9ac2be275a-d4d9d560df67bea6] c.l.a.services.impl.CustomerServiceImpl  : CustomerServiceImpl :: fetchCustomerDetailsDto
2024-06-18T20:56:00.124-05:00  INFO [traceId=66723aaf83aadbfad2eafe9ac2be275a, spanId=d4d9d560df67bea6 {traceId:-}, traceId=66723aaf83aadbfad2eafe9ac2be275a, spanId=d4d9d560df67bea6 {spanId:-}, accounts, ] 27872 --- [accounts] [http-nio-9003-exec-6] [66723aaf83aadbfad2eafe9ac2be275a-d4d9d560df67bea6] c.l.a.services.impl.CustomerServiceImpl  : CustomerServiceImpl :: fetchCustomerDetailsDto - successfully fetched customer details
2024-06-18T21:00:01.525-05:00  INFO [ {traceId:-},  {spanId:-}, accounts, ] 27872 --- [accounts] [AsyncResolver-bootstrap-executor-0] [                                                 ] c.n.d.s.r.aws.ConfigClusterResolver      : Resolving eureka endpoints via configuration
2024-06-18T21:05:01.534-05:00  INFO [ {traceId:-},  {spanId:-}, accounts, ] 27872 --- [accounts] [AsyncResolver-bootstrap-executor-0] [                                                 ] c.n.d.s.r.aws.ConfigClusterResolver      : Resolving eureka endpoints via configuration
2024-06-18T21:10:01.544-05:00  INFO [ {traceId:-},  {spanId:-}, accounts, ] 27872 --- [accounts] [AsyncResolver-bootstrap-executor-0] [                                                 ] c.n.d.s.r.aws.ConfigClusterResolver      : Resolving eureka endpoints via configuration
2024-06-18T21:15:01.559-05:00  INFO [ {traceId:-},  {spanId:-}, accounts, ] 27872 --- [accounts] [AsyncResolver-bootstrap-executor-0] [                                                 ] c.n.d.s.r.aws.ConfigClusterResolver      : Resolving eureka endpoints via configuration
2024-06-18T21:20:01.572-05:00  INFO [ {traceId:-},  {spanId:-}, accounts, ] 27872 --- [accounts] [AsyncResolver-bootstrap-executor-0] [                                                 ] c.n.d.s.r.aws.ConfigClusterResolver      : Resolving eureka endpoints via configuration
2024-06-18T21:25:01.578-05:00  INFO [ {traceId:-},  {spanId:-}, accounts, ] 27872 --- [accounts] [AsyncResolver-bootstrap-executor-0] [                                                 ] c.n.d.s.r.aws.ConfigClusterResolver      : Resolving eureka endpoints via configuration
2024-06-18T21:30:01.584-05:00  INFO [ {traceId:-},  {spanId:-}, accounts, ] 27872 --- [accounts] [AsyncResolver-bootstrap-executor-0] [                                                 ] c.n.d.s.r.aws.ConfigClusterResolver      : Resolving eureka endpoints via configuration
2024-06-18T21:35:01.592-05:00  INFO [ {traceId:-},  {spanId:-}, accounts, ] 27872 --- [accounts] [AsyncResolver-bootstrap-executor-0] [                                                 ] c.n.d.s.r.aws.ConfigClusterResolver      : Resolving eureka endpoints via configuration
2024-06-18T21:38:02.474-05:00  INFO [traceId=6672448a690395b824ae544655da0784, spanId=2eb3bb7d4cb37f8f {traceId:-}, traceId=6672448a690395b824ae544655da0784, spanId=2eb3bb7d4cb37f8f {spanId:-}, accounts, ] 27872 --- [accounts] [http-nio-9003-exec-5] [6672448a690395b824ae544655da0784-2eb3bb7d4cb37f8f] c.l.a.controllers.AccountController      : AccountController :: createAccount
2024-06-18T21:38:02.474-05:00  INFO [traceId=6672448a690395b824ae544655da0784, spanId=2eb3bb7d4cb37f8f {traceId:-}, traceId=6672448a690395b824ae544655da0784, spanId=2eb3bb7d4cb37f8f {spanId:-}, accounts, ] 27872 --- [accounts] [http-nio-9003-exec-5] [6672448a690395b824ae544655da0784-2eb3bb7d4cb37f8f] c.l.a.services.impl.AccountServiceImpl   : AccountServiceImpl :: createAccount
2024-06-18T21:38:26.446-05:00  INFO [traceId=667244a25d9587cf6ba97f14c0b163e1, spanId=e9682214349ebd07 {traceId:-}, traceId=667244a25d9587cf6ba97f14c0b163e1, spanId=e9682214349ebd07 {spanId:-}, accounts, ] 27872 --- [accounts] [http-nio-9003-exec-10] [667244a25d9587cf6ba97f14c0b163e1-e9682214349ebd07] c.l.a.controllers.AccountController      : AccountController :: createAccount
2024-06-18T21:38:26.446-05:00  INFO [traceId=667244a25d9587cf6ba97f14c0b163e1, spanId=e9682214349ebd07 {traceId:-}, traceId=667244a25d9587cf6ba97f14c0b163e1, spanId=e9682214349ebd07 {spanId:-}, accounts, ] 27872 --- [accounts] [http-nio-9003-exec-10] [667244a25d9587cf6ba97f14c0b163e1-e9682214349ebd07] c.l.a.services.impl.AccountServiceImpl   : AccountServiceImpl :: createAccount
2024-06-18T21:38:26.455-05:00  INFO [traceId=667244a25d9587cf6ba97f14c0b163e1, spanId=e9682214349ebd07 {traceId:-}, traceId=667244a25d9587cf6ba97f14c0b163e1, spanId=e9682214349ebd07 {spanId:-}, accounts, ] 27872 --- [accounts] [http-nio-9003-exec-10] [667244a25d9587cf6ba97f14c0b163e1-e9682214349ebd07] c.l.a.services.impl.AccountServiceImpl   : AccountServiceImpl :: createAccount - customer successfully created
2024-06-18T21:38:26.457-05:00  INFO [traceId=667244a25d9587cf6ba97f14c0b163e1, spanId=e9682214349ebd07 {traceId:-}, traceId=667244a25d9587cf6ba97f14c0b163e1, spanId=e9682214349ebd07 {spanId:-}, accounts, ] 27872 --- [accounts] [http-nio-9003-exec-10] [667244a25d9587cf6ba97f14c0b163e1-e9682214349ebd07] c.l.a.services.impl.AccountServiceImpl   : AccountServiceImpl :: createAccount - Account saved to DB
2024-06-18T21:38:26.458-05:00  INFO [traceId=667244a25d9587cf6ba97f14c0b163e1, spanId=e9682214349ebd07 {traceId:-}, traceId=667244a25d9587cf6ba97f14c0b163e1, spanId=e9682214349ebd07 {spanId:-}, accounts, ] 27872 --- [accounts] [http-nio-9003-exec-10] [667244a25d9587cf6ba97f14c0b163e1-e9682214349ebd07] c.l.a.controllers.AccountController      : AccountController : Account Created Successfully
2024-06-18T21:40:01.598-05:00  INFO [ {traceId:-},  {spanId:-}, accounts, ] 27872 --- [accounts] [AsyncResolver-bootstrap-executor-0] [                                                 ] c.n.d.s.r.aws.ConfigClusterResolver      : Resolving eureka endpoints via configuration
2024-06-18T21:41:42.886-05:00  INFO [traceId=66724566b9dc379dfcc98baf9c5f36d4, spanId=ded9eb51ba6a91cf {traceId:-}, traceId=66724566b9dc379dfcc98baf9c5f36d4, spanId=ded9eb51ba6a91cf {spanId:-}, accounts, ] 27872 --- [accounts] [http-nio-9003-exec-9] [66724566b9dc379dfcc98baf9c5f36d4-ded9eb51ba6a91cf] c.l.a.controllers.CustomerController     : CustomerController :: fetchCustomerDetails
2024-06-18T21:41:42.887-05:00  INFO [traceId=66724566b9dc379dfcc98baf9c5f36d4, spanId=ded9eb51ba6a91cf {traceId:-}, traceId=66724566b9dc379dfcc98baf9c5f36d4, spanId=ded9eb51ba6a91cf {spanId:-}, accounts, ] 27872 --- [accounts] [http-nio-9003-exec-9] [66724566b9dc379dfcc98baf9c5f36d4-ded9eb51ba6a91cf] c.l.a.services.impl.CustomerServiceImpl  : CustomerServiceImpl :: fetchCustomerDetailsDto
2024-06-18T21:41:42.920-05:00  INFO [traceId=66724566b9dc379dfcc98baf9c5f36d4, spanId=ded9eb51ba6a91cf {traceId:-}, traceId=66724566b9dc379dfcc98baf9c5f36d4, spanId=ded9eb51ba6a91cf {spanId:-}, accounts, ] 27872 --- [accounts] [http-nio-9003-exec-9] [66724566b9dc379dfcc98baf9c5f36d4-ded9eb51ba6a91cf] c.l.a.services.impl.CustomerServiceImpl  : CustomerServiceImpl :: fetchCustomerDetailsDto - successfully fetched customer details
2024-06-18T21:45:01.610-05:00  INFO [ {traceId:-},  {spanId:-}, accounts, ] 27872 --- [accounts] [AsyncResolver-bootstrap-executor-0] [                                                 ] c.n.d.s.r.aws.ConfigClusterResolver      : Resolving eureka endpoints via configuration
2024-06-18T21:50:01.612-05:00  INFO [ {traceId:-},  {spanId:-}, accounts, ] 27872 --- [accounts] [AsyncResolver-bootstrap-executor-0] [                                                 ] c.n.d.s.r.aws.ConfigClusterResolver      : Resolving eureka endpoints via configuration
2024-06-18T21:55:01.616-05:00  INFO [ {traceId:-},  {spanId:-}, accounts, ] 27872 --- [accounts] [AsyncResolver-bootstrap-executor-0] [                                                 ] c.n.d.s.r.aws.ConfigClusterResolver      : Resolving eureka endpoints via configuration
2024-06-18T22:00:01.618-05:00  INFO [ {traceId:-},  {spanId:-}, accounts, ] 27872 --- [accounts] [AsyncResolver-bootstrap-executor-0] [                                                 ] c.n.d.s.r.aws.ConfigClusterResolver      : Resolving eureka endpoints via configuration
2024-06-18T22:03:21.305-05:00  INFO [ {traceId:-},  {spanId:-}, accounts, ] 27872 --- [accounts] [RMI TCP Connection(128)-127.0.0.1] [                                                 ] inMXBeanRegistrar$SpringApplicationAdmin : Application shutdown requested.
2024-06-18T22:03:21.309-05:00  INFO [ {traceId:-},  {spanId:-}, accounts, ] 27872 --- [accounts] [RMI TCP Connection(128)-127.0.0.1] [                                                 ] o.s.c.n.e.s.EurekaServiceRegistry        : Unregistering application ACCOUNTS with eureka with status DOWN
2024-06-18T22:03:21.309-05:00  INFO [ {traceId:-},  {spanId:-}, accounts, ] 27872 --- [accounts] [RMI TCP Connection(128)-127.0.0.1] [                                                 ] com.netflix.discovery.DiscoveryClient    : Saw local status change event StatusChangeEvent [timestamp=1718766201309, current=DOWN, previous=UP]
2024-06-18T22:03:21.309-05:00  INFO [ {traceId:-},  {spanId:-}, accounts, ] 27872 --- [accounts] [DiscoveryClient-InstanceInfoReplicator-0] [                                                 ] com.netflix.discovery.DiscoveryClient    : DiscoveryClient_ACCOUNTS/host.docker.internal:accounts:9003: registering service...
2024-06-18T22:03:21.328-05:00  INFO [ {traceId:-},  {spanId:-}, accounts, ] 27872 --- [accounts] [DiscoveryClient-InstanceInfoReplicator-0] [                                                 ] com.netflix.discovery.DiscoveryClient    : DiscoveryClient_ACCOUNTS/host.docker.internal:accounts:9003 - registration status: 204
2024-06-18T22:03:21.353-05:00  INFO [ {traceId:-},  {spanId:-}, accounts, ] 27872 --- [accounts] [RMI TCP Connection(128)-127.0.0.1] [                                                 ] j.LocalContainerEntityManagerFactoryBean : Closing JPA EntityManagerFactory for persistence unit 'default'
2024-06-18T22:03:21.361-05:00  INFO [ {traceId:-},  {spanId:-}, accounts, ] 27872 --- [accounts] [RMI TCP Connection(128)-127.0.0.1] [                                                 ] com.zaxxer.hikari.HikariDataSource       : HikariPool-1 - Shutdown initiated...
2024-06-18T22:03:21.368-05:00  INFO [ {traceId:-},  {spanId:-}, accounts, ] 27872 --- [accounts] [RMI TCP Connection(128)-127.0.0.1] [                                                 ] com.zaxxer.hikari.HikariDataSource       : HikariPool-1 - Shutdown completed.
2024-06-18T22:03:21.754-05:00  INFO [ {traceId:-},  {spanId:-}, accounts, ] 27872 --- [accounts] [RMI TCP Connection(128)-127.0.0.1] [                                                 ] com.netflix.discovery.DiscoveryClient    : Shutting down DiscoveryClient ...
2024-06-18T22:03:24.770-05:00  INFO [ {traceId:-},  {spanId:-}, accounts, ] 27872 --- [accounts] [RMI TCP Connection(128)-127.0.0.1] [                                                 ] com.netflix.discovery.DiscoveryClient    : Unregistering ...
2024-06-18T22:03:24.785-05:00  INFO [ {traceId:-},  {spanId:-}, accounts, ] 27872 --- [accounts] [RMI TCP Connection(128)-127.0.0.1] [                                                 ] com.netflix.discovery.DiscoveryClient    : DiscoveryClient_ACCOUNTS/host.docker.internal:accounts:9003 - deregister  status: 200
2024-06-18T22:03:24.791-05:00  INFO [ {traceId:-},  {spanId:-}, accounts, ] 27872 --- [accounts] [RMI TCP Connection(128)-127.0.0.1] [                                                 ] com.netflix.discovery.DiscoveryClient    : Completed shut down of DiscoveryClient
